<?xml version="1.0" encoding="UTF-8"?>
<testsuite xmlns:xsi="http://www.w3.org/2001/XMLSchema-instance" xsi:noNamespaceSchemaLocation="https://maven.apache.org/surefire/maven-surefire-plugin/xsd/surefire-test-report-3.0.xsd" version="3.0" name="com.toniferr.spring6restmvc.bootstrap.BootstrapDataTest" time="10.973" tests="1" errors="0" skipped="0" failures="0">
  <properties>
[...]
</properties>
  <testcase name="Testrun" classname="com.toniferr.spring6restmvc.bootstrap.BootstrapDataTest" time="4.537">
    <system-out><![CDATA[Standard Commons Logging discovery in action with spring-jcl: please remove commons-logging.jar from classpath in order to avoid potential conflicts
09:47:01.646 [main] INFO org.springframework.test.context.support.AnnotationConfigContextLoaderUtils -- Could not detect default configuration classes for test class [com.toniferr.spring6restmvc.bootstrap.BootstrapDataTest]: BootstrapDataTest does not declare any static, non-private, non-final, nested classes annotated with @Configuration.
09:47:01.854 [main] INFO org.springframework.boot.test.context.SpringBootTestContextBootstrapper -- Found @SpringBootConfiguration com.toniferr.spring6restmvc.Spring6RestMvcApplication for test class com.toniferr.spring6restmvc.bootstrap.BootstrapDataTest
09:47:01.977 [main] INFO org.springframework.boot.devtools.restart.RestartApplicationListener -- Restart disabled due to context in which it is running

  .   ____          _            __ _ _
 /\\ / ___'_ __ _ _(_)_ __  __ _ \ \ \ \
( ( )\___ | '_ | '_| | '_ \/ _` | \ \ \ \
 \\/  ___)| |_)| | | | | || (_| |  ) ) ) )
  '  |____| .__|_| |_|_| |_\__, | / / / /
 =========|_|==============|___/=/_/_/_/

 :: Spring Boot ::                (v3.3.1)

{"@timestamp":"2024-06-28T09:47:02.889658195+02:00","@version":"1","message":"HV000001: Hibernate Validator 8.0.1.Final","logger_name":"org.hibernate.validator.internal.util.Version","thread_name":"background-preinit","level":"INFO","level_value":20000}
{"@timestamp":"2024-06-28T09:47:02.959137533+02:00","@version":"1","message":"Starting BootstrapDataTest using Java 21.0.3 with PID 6790 (started by toniferr in /home/toniferr/Workspace/peeper-Spring6-rest)","logger_name":"com.toniferr.spring6restmvc.bootstrap.BootstrapDataTest","thread_name":"main","level":"INFO","level_value":20000}
{"@timestamp":"2024-06-28T09:47:02.960097674+02:00","@version":"1","message":"Running with Spring Boot v3.3.1, Spring v6.1.10","logger_name":"com.toniferr.spring6restmvc.bootstrap.BootstrapDataTest","thread_name":"main","level":"DEBUG","level_value":10000}
{"@timestamp":"2024-06-28T09:47:02.961580611+02:00","@version":"1","message":"No active profile set, falling back to 1 default profile: \"default\"","logger_name":"com.toniferr.spring6restmvc.bootstrap.BootstrapDataTest","thread_name":"main","level":"INFO","level_value":20000}
{"@timestamp":"2024-06-28T09:47:03.916641785+02:00","@version":"1","message":"Bootstrapping Spring Data JPA repositories in DEFAULT mode.","logger_name":"org.springframework.data.repository.config.RepositoryConfigurationDelegate","thread_name":"main","level":"INFO","level_value":20000}
{"@timestamp":"2024-06-28T09:47:04.053564138+02:00","@version":"1","message":"Finished Spring Data repository scanning in 123 ms. Found 5 JPA repository interfaces.","logger_name":"org.springframework.data.repository.config.RepositoryConfigurationDelegate","thread_name":"main","level":"INFO","level_value":20000}
{"@timestamp":"2024-06-28T09:47:04.143040722+02:00","@version":"1","message":"Replacing 'dataSource' DataSource bean with embedded version","logger_name":"org.springframework.boot.test.autoconfigure.jdbc.TestDatabaseAutoConfiguration$EmbeddedDataSourceBeanFactoryPostProcessor","thread_name":"main","level":"INFO","level_value":20000}
{"@timestamp":"2024-06-28T09:47:04.417586109+02:00","@version":"1","message":"Starting embedded database: url='jdbc:h2:mem:742b09c7-4e9d-4f1c-b973-36c3e1e2c796;DB_CLOSE_DELAY=-1;DB_CLOSE_ON_EXIT=false', username='sa'","logger_name":"org.springframework.jdbc.datasource.embedded.EmbeddedDatabaseFactory","thread_name":"main","level":"INFO","level_value":20000}
{"@timestamp":"2024-06-28T09:47:04.818745022+02:00","@version":"1","message":"HHH000204: Processing PersistenceUnitInfo [name: default]","logger_name":"org.hibernate.jpa.internal.util.LogHelper","thread_name":"main","level":"INFO","level_value":20000}
{"@timestamp":"2024-06-28T09:47:04.882778225+02:00","@version":"1","message":"HHH000412: Hibernate ORM core version 6.5.2.Final","logger_name":"org.hibernate.Version","thread_name":"main","level":"INFO","level_value":20000}
{"@timestamp":"2024-06-28T09:47:04.924663967+02:00","@version":"1","message":"HHH000026: Second-level cache disabled","logger_name":"org.hibernate.cache.internal.RegionFactoryInitiator","thread_name":"main","level":"INFO","level_value":20000}
{"@timestamp":"2024-06-28T09:47:05.316432911+02:00","@version":"1","message":"No LoadTimeWeaver setup: ignoring JPA class transformer","logger_name":"org.springframework.orm.jpa.persistenceunit.SpringPersistenceUnitInfo","thread_name":"main","level":"INFO","level_value":20000}
{"@timestamp":"2024-06-28T09:47:06.876788463+02:00","@version":"1","message":"HHH000489: No JTA platform available (set 'hibernate.transaction.jta.platform' to enable JTA platform integration)","logger_name":"org.hibernate.engine.transaction.jta.platform.internal.JtaPlatformInitiator","thread_name":"main","level":"INFO","level_value":20000}
Hibernate: drop table if exists beer cascade 
Hibernate: drop table if exists beer_category cascade 
Hibernate: drop table if exists beer_audit cascade 
Hibernate: drop table if exists beer_order cascade 
Hibernate: drop table if exists beer_order_line cascade 
Hibernate: drop table if exists beer_order_shipment cascade 
Hibernate: drop table if exists category cascade 
Hibernate: drop table if exists customer cascade 
Hibernate: create table beer (beer_style smallint not null check (beer_style between 0 and 9), price numeric(38,2) not null, quantity_on_hand integer, version integer, created_date timestamp(6), update_date timestamp(6), id varchar(36) not null, beer_name varchar(50) not null, upc varchar(255) not null, primary key (id))
Hibernate: create table beer_category (beer_id varchar(36) not null, category_id varchar(36) not null, primary key (beer_id, category_id))
Hibernate: create table beer_audit (beer_style smallint check (beer_style between 0 and 9), price numeric(38,2), quantity_on_hand integer, version integer, created_date timestamp(6), created_date_audit timestamp(6), update_date timestamp(6), audit_id varchar(36) not null, id varchar(36) not null, beer_name varchar(50), audit_event_type varchar(255), principal_name varchar(255), upc varchar(255), primary key (audit_id))
Hibernate: create table beer_order (created_date timestamp(6), last_modified_date timestamp(6), version bigint, beer_order_shipment_id varchar(36) unique, customer_id varchar(36), id varchar(36) not null, customer_ref varchar(255), primary key (id))
Hibernate: create table beer_order_line (order_quantity integer check (order_quantity>=1), quantity_allocated integer, created_date timestamp(6), last_modified_date timestamp(6), version bigint, beer_id varchar(36), beer_order_id varchar(36), id varchar(36) not null, primary key (id))
Hibernate: create table beer_order_shipment (created_date timestamp(6), last_modified_date timestamp(6), version bigint, beer_order_id varchar(36) unique, id varchar(36) not null, tracking_number varchar(255) not null, primary key (id))
Hibernate: create table category (created_date timestamp(6), last_modified_date timestamp(6), version bigint, id varchar(36) not null, description varchar(255), primary key (id))
Hibernate: create table customer (version integer, created_date timestamp(6), update_date timestamp(6), id varchar(36) not null, email varchar(255), name varchar(255), primary key (id))
Hibernate: alter table if exists beer_category add constraint FK7o42knkmhb44bhnsb804o16ch foreign key (beer_id) references beer
Hibernate: alter table if exists beer_category add constraint FKrmk65j5tao1q8mp3v4mkpesie foreign key (category_id) references category
Hibernate: alter table if exists beer_order add constraint FK52c52110ft36i9l66u0fqh1s2 foreign key (beer_order_shipment_id) references beer_order_shipment
Hibernate: alter table if exists beer_order add constraint FK5siih2e7vpx70nx4wexpxpji foreign key (customer_id) references customer
Hibernate: alter table if exists beer_order_line add constraint FKslskqsf79v6iekvb6d3gcc1l4 foreign key (beer_id) references beer
Hibernate: alter table if exists beer_order_line add constraint FKhkgofxhwx8yw9m3vat8mgtnxs foreign key (beer_order_id) references beer_order
Hibernate: alter table if exists beer_order_shipment add constraint FKqry3snbsxuavowegq87xn9gd6 foreign key (beer_order_id) references beer_order
{"@timestamp":"2024-06-28T09:47:06.953972288+02:00","@version":"1","message":"Initialized JPA EntityManagerFactory for persistence unit 'default'","logger_name":"org.springframework.orm.jpa.LocalContainerEntityManagerFactoryBean","thread_name":"main","level":"INFO","level_value":20000}
{"@timestamp":"2024-06-28T09:47:07.704650787+02:00","@version":"1","message":"Started BootstrapDataTest in 5.746 seconds (process running for 7.405)","logger_name":"com.toniferr.spring6restmvc.bootstrap.BootstrapDataTest","thread_name":"main","level":"INFO","level_value":20000}
Hibernate: select count(*) from beer b1_0
Hibernate: insert into beer (beer_name,beer_style,created_date,price,quantity_on_hand,upc,update_date,version,id) values (?,?,?,?,?,?,?,?,?)
Hibernate: insert into beer (beer_name,beer_style,created_date,price,quantity_on_hand,upc,update_date,version,id) values (?,?,?,?,?,?,?,?,?)
Hibernate: insert into beer (beer_name,beer_style,created_date,price,quantity_on_hand,upc,update_date,version,id) values (?,?,?,?,?,?,?,?,?)
Hibernate: select count(*) from beer b1_0
Hibernate: select count(*) from customer c1_0
Hibernate: select c1_0.id,c1_0.created_date,c1_0.email,c1_0.name,c1_0.update_date,c1_0.version from customer c1_0 where c1_0.id=?
Hibernate: select c1_0.id,c1_0.created_date,c1_0.email,c1_0.name,c1_0.update_date,c1_0.version from customer c1_0 where c1_0.id=?
Hibernate: select c1_0.id,c1_0.created_date,c1_0.email,c1_0.name,c1_0.update_date,c1_0.version from customer c1_0 where c1_0.id=?
Hibernate: insert into beer (beer_name,beer_style,created_date,price,quantity_on_hand,upc,update_date,version,id) values (?,?,?,?,?,?,?,?,?)
Hibernate: insert into beer (beer_name,beer_style,created_date,price,quantity_on_hand,upc,update_date,version,id) values (?,?,?,?,?,?,?,?,?)
Hibernate: insert into beer (beer_name,beer_style,created_date,price,quantity_on_hand,upc,update_date,version,id) values (?,?,?,?,?,?,?,?,?)
Hibernate: insert into beer (beer_name,beer_style,created_date,price,quantity_on_hand,upc,update_date,version,id) values (?,?,?,?,?,?,?,?,?)
Hibernate: insert into beer (beer_name,beer_style,created_date,price,quantity_on_hand,upc,update_date,version,id) values (?,?,?,?,?,?,?,?,?)
Hibernate: insert into beer (beer_name,beer_style,created_date,price,quantity_on_hand,upc,update_date,version,id) values (?,?,?,?,?,?,?,?,?)
Hibernate: insert into beer (beer_name,beer_style,created_date,price,quantity_on_hand,upc,update_date,version,id) values (?,?,?,?,?,?,?,?,?)
Hibernate: insert into beer (beer_name,beer_style,created_date,price,quantity_on_hand,upc,update_date,version,id) values (?,?,?,?,?,?,?,?,?)
Hibernate: insert into beer (beer_name,beer_style,created_date,price,quantity_on_hand,upc,update_date,version,id) values (?,?,?,?,?,?,?,?,?)
Hibernate: insert into beer (beer_name,beer_style,created_date,price,quantity_on_hand,upc,update_date,version,id) values (?,?,?,?,?,?,?,?,?)
Hibernate: insert into beer (beer_name,beer_style,created_date,price,quantity_on_hand,upc,update_date,version,id) values (?,?,?,?,?,?,?,?,?)
Hibernate: insert into beer (beer_name,beer_style,created_date,price,quantity_on_hand,upc,update_date,version,id) values (?,?,?,?,?,?,?,?,?)
Hibernate: insert into beer (beer_name,beer_style,created_date,price,quantity_on_hand,upc,update_date,version,id) values (?,?,?,?,?,?,?,?,?)
Hibernate: insert into beer (beer_name,beer_style,created_date,price,quantity_on_hand,upc,update_date,version,id) values (?,?,?,?,?,?,?,?,?)
Hibernate: insert into beer (beer_name,beer_style,created_date,price,quantity_on_hand,upc,update_date,version,id) values (?,?,?,?,?,?,?,?,?)
Hibernate: insert into beer (beer_name,beer_style,created_date,price,quantity_on_hand,upc,update_date,version,id) values (?,?,?,?,?,?,?,?,?)
Hibernate: insert into beer (beer_name,beer_style,created_date,price,quantity_on_hand,upc,update_date,version,id) values (?,?,?,?,?,?,?,?,?)
Hibernate: insert into beer (beer_name,beer_style,created_date,price,quantity_on_hand,upc,update_date,version,id) values (?,?,?,?,?,?,?,?,?)
Hibernate: insert into beer (beer_name,beer_style,created_date,price,quantity_on_hand,upc,update_date,version,id) values (?,?,?,?,?,?,?,?,?)
Hibernate: insert into beer (beer_name,beer_style,created_date,price,quantity_on_hand,upc,update_date,version,id) values (?,?,?,?,?,?,?,?,?)
Hibernate: insert into beer (beer_name,beer_style,created_date,price,quantity_on_hand,upc,update_date,version,id) values (?,?,?,?,?,?,?,?,?)
Hibernate: insert into beer (beer_name,beer_style,created_date,price,quantity_on_hand,upc,update_date,version,id) values (?,?,?,?,?,?,?,?,?)
Hibernate: insert into beer (beer_name,beer_style,created_date,price,quantity_on_hand,upc,update_date,version,id) values (?,?,?,?,?,?,?,?,?)
Hibernate: insert into beer (beer_name,beer_style,created_date,price,quantity_on_hand,upc,update_date,version,id) values (?,?,?,?,?,?,?,?,?)
Hibernate: insert into beer (beer_name,beer_style,created_date,price,quantity_on_hand,upc,update_date,version,id) values (?,?,?,?,?,?,?,?,?)
Hibernate: insert into beer (beer_name,beer_style,created_date,price,quantity_on_hand,upc,update_date,version,id) values (?,?,?,?,?,?,?,?,?)
Hibernate: insert into beer (beer_name,beer_style,created_date,price,quantity_on_hand,upc,update_date,version,id) values (?,?,?,?,?,?,?,?,?)
Hibernate: insert into beer (beer_name,beer_style,created_date,price,quantity_on_hand,upc,update_date,version,id) values (?,?,?,?,?,?,?,?,?)
Hibernate: insert into beer (beer_name,beer_style,created_date,price,quantity_on_hand,upc,update_date,version,id) values (?,?,?,?,?,?,?,?,?)
Hibernate: insert into beer (beer_name,beer_style,created_date,price,quantity_on_hand,upc,update_date,version,id) values (?,?,?,?,?,?,?,?,?)
Hibernate: insert into beer (beer_name,beer_style,created_date,price,quantity_on_hand,upc,update_date,version,id) values (?,?,?,?,?,?,?,?,?)
Hibernate: insert into beer (beer_name,beer_style,created_date,price,quantity_on_hand,upc,update_date,version,id) values (?,?,?,?,?,?,?,?,?)
Hibernate: insert into beer (beer_name,beer_style,created_date,price,quantity_on_hand,upc,update_date,version,id) values (?,?,?,?,?,?,?,?,?)
Hibernate: insert into beer (beer_name,beer_style,created_date,price,quantity_on_hand,upc,update_date,version,id) values (?,?,?,?,?,?,?,?,?)
Hibernate: insert into beer (beer_name,beer_style,created_date,price,quantity_on_hand,upc,update_date,version,id) values (?,?,?,?,?,?,?,?,?)
Hibernate: insert into beer (beer_name,beer_style,created_date,price,quantity_on_hand,upc,update_date,version,id) values (?,?,?,?,?,?,?,?,?)
Hibernate: insert into beer (beer_name,beer_style,created_date,price,quantity_on_hand,upc,update_date,version,id) values (?,?,?,?,?,?,?,?,?)
Hibernate: insert into beer (beer_name,beer_style,created_date,price,quantity_on_hand,upc,update_date,version,id) values (?,?,?,?,?,?,?,?,?)
Hibernate: insert into beer (beer_name,beer_style,created_date,price,quantity_on_hand,upc,update_date,version,id) values (?,?,?,?,?,?,?,?,?)
Hibernate: insert into beer (beer_name,beer_style,created_date,price,quantity_on_hand,upc,update_date,version,id) values (?,?,?,?,?,?,?,?,?)
Hibernate: insert into beer (beer_name,beer_style,created_date,price,quantity_on_hand,upc,update_date,version,id) values (?,?,?,?,?,?,?,?,?)
Hibernate: insert into beer (beer_name,beer_style,created_date,price,quantity_on_hand,upc,update_date,version,id) values (?,?,?,?,?,?,?,?,?)
Hibernate: insert into beer (beer_name,beer_style,created_date,price,quantity_on_hand,upc,update_date,version,id) values (?,?,?,?,?,?,?,?,?)
Hibernate: insert into beer (beer_name,beer_style,created_date,price,quantity_on_hand,upc,update_date,version,id) values (?,?,?,?,?,?,?,?,?)
Hibernate: insert into beer (beer_name,beer_style,created_date,price,quantity_on_hand,upc,update_date,version,id) values (?,?,?,?,?,?,?,?,?)
Hibernate: insert into beer (beer_name,beer_style,created_date,price,quantity_on_hand,upc,update_date,version,id) values (?,?,?,?,?,?,?,?,?)
Hibernate: insert into beer (beer_name,beer_style,created_date,price,quantity_on_hand,upc,update_date,version,id) values (?,?,?,?,?,?,?,?,?)
Hibernate: insert into beer (beer_name,beer_style,created_date,price,quantity_on_hand,upc,update_date,version,id) values (?,?,?,?,?,?,?,?,?)
Hibernate: insert into beer (beer_name,beer_style,created_date,price,quantity_on_hand,upc,update_date,version,id) values (?,?,?,?,?,?,?,?,?)
Hibernate: insert into beer (beer_name,beer_style,created_date,price,quantity_on_hand,upc,update_date,version,id) values (?,?,?,?,?,?,?,?,?)
Hibernate: insert into beer (beer_name,beer_style,created_date,price,quantity_on_hand,upc,update_date,version,id) values (?,?,?,?,?,?,?,?,?)
Hibernate: insert into beer (beer_name,beer_style,created_date,price,quantity_on_hand,upc,update_date,version,id) values (?,?,?,?,?,?,?,?,?)
Hibernate: insert into beer (beer_name,beer_style,created_date,price,quantity_on_hand,upc,update_date,version,id) values (?,?,?,?,?,?,?,?,?)
Hibernate: insert into beer (beer_name,beer_style,created_date,price,quantity_on_hand,upc,update_date,version,id) values (?,?,?,?,?,?,?,?,?)
Hibernate: insert into beer (beer_name,beer_style,created_date,price,quantity_on_hand,upc,update_date,version,id) values (?,?,?,?,?,?,?,?,?)
Hibernate: insert into beer (beer_name,beer_style,created_date,price,quantity_on_hand,upc,update_date,version,id) values (?,?,?,?,?,?,?,?,?)
Hibernate: insert into beer (beer_name,beer_style,created_date,price,quantity_on_hand,upc,update_date,version,id) values (?,?,?,?,?,?,?,?,?)
Hibernate: insert into beer (beer_name,beer_style,created_date,price,quantity_on_hand,upc,update_date,version,id) values (?,?,?,?,?,?,?,?,?)
Hibernate: insert into beer (beer_name,beer_style,created_date,price,quantity_on_hand,upc,update_date,version,id) values (?,?,?,?,?,?,?,?,?)
Hibernate: insert into beer (beer_name,beer_style,created_date,price,quantity_on_hand,upc,update_date,version,id) values (?,?,?,?,?,?,?,?,?)
Hibernate: insert into beer (beer_name,beer_style,created_date,price,quantity_on_hand,upc,update_date,version,id) values (?,?,?,?,?,?,?,?,?)
Hibernate: insert into beer (beer_name,beer_style,created_date,price,quantity_on_hand,upc,update_date,version,id) values (?,?,?,?,?,?,?,?,?)
Hibernate: insert into beer (beer_name,beer_style,created_date,price,quantity_on_hand,upc,update_date,version,id) values (?,?,?,?,?,?,?,?,?)
Hibernate: insert into beer (beer_name,beer_style,created_date,price,quantity_on_hand,upc,update_date,version,id) values (?,?,?,?,?,?,?,?,?)
Hibernate: insert into beer (beer_name,beer_style,created_date,price,quantity_on_hand,upc,update_date,version,id) values (?,?,?,?,?,?,?,?,?)
Hibernate: insert into beer (beer_name,beer_style,created_date,price,quantity_on_hand,upc,update_date,version,id) values (?,?,?,?,?,?,?,?,?)
Hibernate: insert into beer (beer_name,beer_style,created_date,price,quantity_on_hand,upc,update_date,version,id) values (?,?,?,?,?,?,?,?,?)
Hibernate: insert into beer (beer_name,beer_style,created_date,price,quantity_on_hand,upc,update_date,version,id) values (?,?,?,?,?,?,?,?,?)
Hibernate: insert into beer (beer_name,beer_style,created_date,price,quantity_on_hand,upc,update_date,version,id) values (?,?,?,?,?,?,?,?,?)
Hibernate: insert into beer (beer_name,beer_style,created_date,price,quantity_on_hand,upc,update_date,version,id) values (?,?,?,?,?,?,?,?,?)
Hibernate: insert into beer (beer_name,beer_style,created_date,price,quantity_on_hand,upc,update_date,version,id) values (?,?,?,?,?,?,?,?,?)
Hibernate: insert into beer (beer_name,beer_style,created_date,price,quantity_on_hand,upc,update_date,version,id) values (?,?,?,?,?,?,?,?,?)
Hibernate: insert into beer (beer_name,beer_style,created_date,price,quantity_on_hand,upc,update_date,version,id) values (?,?,?,?,?,?,?,?,?)
Hibernate: insert into beer (beer_name,beer_style,created_date,price,quantity_on_hand,upc,update_date,version,id) values (?,?,?,?,?,?,?,?,?)
Hibernate: insert into beer (beer_name,beer_style,created_date,price,quantity_on_hand,upc,update_date,version,id) values (?,?,?,?,?,?,?,?,?)
Hibernate: insert into beer (beer_name,beer_style,created_date,price,quantity_on_hand,upc,update_date,version,id) values (?,?,?,?,?,?,?,?,?)
Hibernate: insert into beer (beer_name,beer_style,created_date,price,quantity_on_hand,upc,update_date,version,id) values (?,?,?,?,?,?,?,?,?)
Hibernate: insert into beer (beer_name,beer_style,created_date,price,quantity_on_hand,upc,update_date,version,id) values (?,?,?,?,?,?,?,?,?)
Hibernate: insert into beer (beer_name,beer_style,created_date,price,quantity_on_hand,upc,update_date,version,id) values (?,?,?,?,?,?,?,?,?)
Hibernate: insert into beer (beer_name,beer_style,created_date,price,quantity_on_hand,upc,update_date,version,id) values (?,?,?,?,?,?,?,?,?)
Hibernate: insert into beer (beer_name,beer_style,created_date,price,quantity_on_hand,upc,update_date,version,id) values (?,?,?,?,?,?,?,?,?)
Hibernate: insert into beer (beer_name,beer_style,created_date,price,quantity_on_hand,upc,update_date,version,id) values (?,?,?,?,?,?,?,?,?)
Hibernate: insert into beer (beer_name,beer_style,created_date,price,quantity_on_hand,upc,update_date,version,id) values (?,?,?,?,?,?,?,?,?)
Hibernate: insert into beer (beer_name,beer_style,created_date,price,quantity_on_hand,upc,update_date,version,id) values (?,?,?,?,?,?,?,?,?)
Hibernate: insert into beer (beer_name,beer_style,created_date,price,quantity_on_hand,upc,update_date,version,id) values (?,?,?,?,?,?,?,?,?)
Hibernate: insert into beer (beer_name,beer_style,created_date,price,quantity_on_hand,upc,update_date,version,id) values (?,?,?,?,?,?,?,?,?)
Hibernate: insert into beer (beer_name,beer_style,created_date,price,quantity_on_hand,upc,update_date,version,id) values (?,?,?,?,?,?,?,?,?)
Hibernate: insert into beer (beer_name,beer_style,created_date,price,quantity_on_hand,upc,update_date,version,id) values (?,?,?,?,?,?,?,?,?)
Hibernate: insert into beer (beer_name,beer_style,created_date,price,quantity_on_hand,upc,update_date,version,id) values (?,?,?,?,?,?,?,?,?)
Hibernate: insert into beer (beer_name,beer_style,created_date,price,quantity_on_hand,upc,update_date,version,id) values (?,?,?,?,?,?,?,?,?)
Hibernate: insert into beer (beer_name,beer_style,created_date,price,quantity_on_hand,upc,update_date,version,id) values (?,?,?,?,?,?,?,?,?)
Hibernate: insert into beer (beer_name,beer_style,created_date,price,quantity_on_hand,upc,update_date,version,id) values (?,?,?,?,?,?,?,?,?)
Hibernate: insert into beer (beer_name,beer_style,created_date,price,quantity_on_hand,upc,update_date,version,id) values (?,?,?,?,?,?,?,?,?)
Hibernate: insert into beer (beer_name,beer_style,created_date,price,quantity_on_hand,upc,update_date,version,id) values (?,?,?,?,?,?,?,?,?)
Hibernate: insert into beer (beer_name,beer_style,created_date,price,quantity_on_hand,upc,update_date,version,id) values (?,?,?,?,?,?,?,?,?)
Hibernate: insert into beer (beer_name,beer_style,created_date,price,quantity_on_hand,upc,update_date,version,id) values (?,?,?,?,?,?,?,?,?)
Hibernate: insert into beer (beer_name,beer_style,created_date,price,quantity_on_hand,upc,update_date,version,id) values (?,?,?,?,?,?,?,?,?)
Hibernate: insert into beer (beer_name,beer_style,created_date,price,quantity_on_hand,upc,update_date,version,id) values (?,?,?,?,?,?,?,?,?)
Hibernate: insert into beer (beer_name,beer_style,created_date,price,quantity_on_hand,upc,update_date,version,id) values (?,?,?,?,?,?,?,?,?)
Hibernate: insert into beer (beer_name,beer_style,created_date,price,quantity_on_hand,upc,update_date,version,id) values (?,?,?,?,?,?,?,?,?)
Hibernate: insert into beer (beer_name,beer_style,created_date,price,quantity_on_hand,upc,update_date,version,id) values (?,?,?,?,?,?,?,?,?)
Hibernate: insert into beer (beer_name,beer_style,created_date,price,quantity_on_hand,upc,update_date,version,id) values (?,?,?,?,?,?,?,?,?)
Hibernate: insert into beer (beer_name,beer_style,created_date,price,quantity_on_hand,upc,update_date,version,id) values (?,?,?,?,?,?,?,?,?)
Hibernate: insert into beer (beer_name,beer_style,created_date,price,quantity_on_hand,upc,update_date,version,id) values (?,?,?,?,?,?,?,?,?)
Hibernate: insert into beer (beer_name,beer_style,created_date,price,quantity_on_hand,upc,update_date,version,id) values (?,?,?,?,?,?,?,?,?)
Hibernate: insert into beer (beer_name,beer_style,created_date,price,quantity_on_hand,upc,update_date,version,id) values (?,?,?,?,?,?,?,?,?)
Hibernate: insert into beer (beer_name,beer_style,created_date,price,quantity_on_hand,upc,update_date,version,id) values (?,?,?,?,?,?,?,?,?)
Hibernate: insert into beer (beer_name,beer_style,created_date,price,quantity_on_hand,upc,update_date,version,id) values (?,?,?,?,?,?,?,?,?)
Hibernate: insert into beer (beer_name,beer_style,created_date,price,quantity_on_hand,upc,update_date,version,id) values (?,?,?,?,?,?,?,?,?)
Hibernate: insert into beer (beer_name,beer_style,created_date,price,quantity_on_hand,upc,update_date,version,id) values (?,?,?,?,?,?,?,?,?)
Hibernate: insert into beer (beer_name,beer_style,created_date,price,quantity_on_hand,upc,update_date,version,id) values (?,?,?,?,?,?,?,?,?)
Hibernate: insert into beer (beer_name,beer_style,created_date,price,quantity_on_hand,upc,update_date,version,id) values (?,?,?,?,?,?,?,?,?)
Hibernate: insert into beer (beer_name,beer_style,created_date,price,quantity_on_hand,upc,update_date,version,id) values (?,?,?,?,?,?,?,?,?)
Hibernate: insert into beer (beer_name,beer_style,created_date,price,quantity_on_hand,upc,update_date,version,id) values (?,?,?,?,?,?,?,?,?)
Hibernate: insert into beer (beer_name,beer_style,created_date,price,quantity_on_hand,upc,update_date,version,id) values (?,?,?,?,?,?,?,?,?)
Hibernate: insert into beer (beer_name,beer_style,created_date,price,quantity_on_hand,upc,update_date,version,id) values (?,?,?,?,?,?,?,?,?)
Hibernate: insert into beer (beer_name,beer_style,created_date,price,quantity_on_hand,upc,update_date,version,id) values (?,?,?,?,?,?,?,?,?)
Hibernate: insert into beer (beer_name,beer_style,created_date,price,quantity_on_hand,upc,update_date,version,id) values (?,?,?,?,?,?,?,?,?)
Hibernate: insert into beer (beer_name,beer_style,created_date,price,quantity_on_hand,upc,update_date,version,id) values (?,?,?,?,?,?,?,?,?)
Hibernate: insert into beer (beer_name,beer_style,created_date,price,quantity_on_hand,upc,update_date,version,id) values (?,?,?,?,?,?,?,?,?)
Hibernate: insert into beer (beer_name,beer_style,created_date,price,quantity_on_hand,upc,update_date,version,id) values (?,?,?,?,?,?,?,?,?)
Hibernate: insert into beer (beer_name,beer_style,created_date,price,quantity_on_hand,upc,update_date,version,id) values (?,?,?,?,?,?,?,?,?)
Hibernate: insert into beer (beer_name,beer_style,created_date,price,quantity_on_hand,upc,update_date,version,id) values (?,?,?,?,?,?,?,?,?)
Hibernate: insert into beer (beer_name,beer_style,created_date,price,quantity_on_hand,upc,update_date,version,id) values (?,?,?,?,?,?,?,?,?)
Hibernate: insert into beer (beer_name,beer_style,created_date,price,quantity_on_hand,upc,update_date,version,id) values (?,?,?,?,?,?,?,?,?)
Hibernate: insert into beer (beer_name,beer_style,created_date,price,quantity_on_hand,upc,update_date,version,id) values (?,?,?,?,?,?,?,?,?)
Hibernate: insert into beer (beer_name,beer_style,created_date,price,quantity_on_hand,upc,update_date,version,id) values (?,?,?,?,?,?,?,?,?)
Hibernate: insert into beer (beer_name,beer_style,created_date,price,quantity_on_hand,upc,update_date,version,id) values (?,?,?,?,?,?,?,?,?)
Hibernate: insert into beer (beer_name,beer_style,created_date,price,quantity_on_hand,upc,update_date,version,id) values (?,?,?,?,?,?,?,?,?)
Hibernate: insert into beer (beer_name,beer_style,created_date,price,quantity_on_hand,upc,update_date,version,id) values (?,?,?,?,?,?,?,?,?)
Hibernate: insert into beer (beer_name,beer_style,created_date,price,quantity_on_hand,upc,update_date,version,id) values (?,?,?,?,?,?,?,?,?)
Hibernate: insert into beer (beer_name,beer_style,created_date,price,quantity_on_hand,upc,update_date,version,id) values (?,?,?,?,?,?,?,?,?)
Hibernate: insert into beer (beer_name,beer_style,created_date,price,quantity_on_hand,upc,update_date,version,id) values (?,?,?,?,?,?,?,?,?)
Hibernate: insert into beer (beer_name,beer_style,created_date,price,quantity_on_hand,upc,update_date,version,id) values (?,?,?,?,?,?,?,?,?)
Hibernate: insert into beer (beer_name,beer_style,created_date,price,quantity_on_hand,upc,update_date,version,id) values (?,?,?,?,?,?,?,?,?)
Hibernate: insert into beer (beer_name,beer_style,created_date,price,quantity_on_hand,upc,update_date,version,id) values (?,?,?,?,?,?,?,?,?)
Hibernate: insert into beer (beer_name,beer_style,created_date,price,quantity_on_hand,upc,update_date,version,id) values (?,?,?,?,?,?,?,?,?)
Hibernate: insert into beer (beer_name,beer_style,created_date,price,quantity_on_hand,upc,update_date,version,id) values (?,?,?,?,?,?,?,?,?)
Hibernate: insert into beer (beer_name,beer_style,created_date,price,quantity_on_hand,upc,update_date,version,id) values (?,?,?,?,?,?,?,?,?)
Hibernate: insert into beer (beer_name,beer_style,created_date,price,quantity_on_hand,upc,update_date,version,id) values (?,?,?,?,?,?,?,?,?)
Hibernate: insert into beer (beer_name,beer_style,created_date,price,quantity_on_hand,upc,update_date,version,id) values (?,?,?,?,?,?,?,?,?)
Hibernate: insert into beer (beer_name,beer_style,created_date,price,quantity_on_hand,upc,update_date,version,id) values (?,?,?,?,?,?,?,?,?)
Hibernate: insert into beer (beer_name,beer_style,created_date,price,quantity_on_hand,upc,update_date,version,id) values (?,?,?,?,?,?,?,?,?)
Hibernate: insert into beer (beer_name,beer_style,created_date,price,quantity_on_hand,upc,update_date,version,id) values (?,?,?,?,?,?,?,?,?)
Hibernate: insert into beer (beer_name,beer_style,created_date,price,quantity_on_hand,upc,update_date,version,id) values (?,?,?,?,?,?,?,?,?)
Hibernate: insert into beer (beer_name,beer_style,created_date,price,quantity_on_hand,upc,update_date,version,id) values (?,?,?,?,?,?,?,?,?)
Hibernate: insert into beer (beer_name,beer_style,created_date,price,quantity_on_hand,upc,update_date,version,id) values (?,?,?,?,?,?,?,?,?)
Hibernate: insert into beer (beer_name,beer_style,created_date,price,quantity_on_hand,upc,update_date,version,id) values (?,?,?,?,?,?,?,?,?)
Hibernate: insert into beer (beer_name,beer_style,created_date,price,quantity_on_hand,upc,update_date,version,id) values (?,?,?,?,?,?,?,?,?)
Hibernate: insert into beer (beer_name,beer_style,created_date,price,quantity_on_hand,upc,update_date,version,id) values (?,?,?,?,?,?,?,?,?)
Hibernate: insert into beer (beer_name,beer_style,created_date,price,quantity_on_hand,upc,update_date,version,id) values (?,?,?,?,?,?,?,?,?)
Hibernate: insert into beer (beer_name,beer_style,created_date,price,quantity_on_hand,upc,update_date,version,id) values (?,?,?,?,?,?,?,?,?)
Hibernate: insert into beer (beer_name,beer_style,created_date,price,quantity_on_hand,upc,update_date,version,id) values (?,?,?,?,?,?,?,?,?)
Hibernate: insert into beer (beer_name,beer_style,created_date,price,quantity_on_hand,upc,update_date,version,id) values (?,?,?,?,?,?,?,?,?)
Hibernate: insert into beer (beer_name,beer_style,created_date,price,quantity_on_hand,upc,update_date,version,id) values (?,?,?,?,?,?,?,?,?)
Hibernate: insert into beer (beer_name,beer_style,created_date,price,quantity_on_hand,upc,update_date,version,id) values (?,?,?,?,?,?,?,?,?)
Hibernate: insert into beer (beer_name,beer_style,created_date,price,quantity_on_hand,upc,update_date,version,id) values (?,?,?,?,?,?,?,?,?)
Hibernate: insert into beer (beer_name,beer_style,created_date,price,quantity_on_hand,upc,update_date,version,id) values (?,?,?,?,?,?,?,?,?)
Hibernate: insert into beer (beer_name,beer_style,created_date,price,quantity_on_hand,upc,update_date,version,id) values (?,?,?,?,?,?,?,?,?)
Hibernate: insert into beer (beer_name,beer_style,created_date,price,quantity_on_hand,upc,update_date,version,id) values (?,?,?,?,?,?,?,?,?)
Hibernate: insert into beer (beer_name,beer_style,created_date,price,quantity_on_hand,upc,update_date,version,id) values (?,?,?,?,?,?,?,?,?)
Hibernate: insert into beer (beer_name,beer_style,created_date,price,quantity_on_hand,upc,update_date,version,id) values (?,?,?,?,?,?,?,?,?)
Hibernate: insert into beer (beer_name,beer_style,created_date,price,quantity_on_hand,upc,update_date,version,id) values (?,?,?,?,?,?,?,?,?)
Hibernate: insert into beer (beer_name,beer_style,created_date,price,quantity_on_hand,upc,update_date,version,id) values (?,?,?,?,?,?,?,?,?)
Hibernate: insert into beer (beer_name,beer_style,created_date,price,quantity_on_hand,upc,update_date,version,id) values (?,?,?,?,?,?,?,?,?)
Hibernate: insert into beer (beer_name,beer_style,created_date,price,quantity_on_hand,upc,update_date,version,id) values (?,?,?,?,?,?,?,?,?)
Hibernate: insert into beer (beer_name,beer_style,created_date,price,quantity_on_hand,upc,update_date,version,id) values (?,?,?,?,?,?,?,?,?)
Hibernate: insert into beer (beer_name,beer_style,created_date,price,quantity_on_hand,upc,update_date,version,id) values (?,?,?,?,?,?,?,?,?)
Hibernate: insert into beer (beer_name,beer_style,created_date,price,quantity_on_hand,upc,update_date,version,id) values (?,?,?,?,?,?,?,?,?)
Hibernate: insert into beer (beer_name,beer_style,created_date,price,quantity_on_hand,upc,update_date,version,id) values (?,?,?,?,?,?,?,?,?)
Hibernate: insert into beer (beer_name,beer_style,created_date,price,quantity_on_hand,upc,update_date,version,id) values (?,?,?,?,?,?,?,?,?)
Hibernate: insert into beer (beer_name,beer_style,created_date,price,quantity_on_hand,upc,update_date,version,id) values (?,?,?,?,?,?,?,?,?)
Hibernate: insert into beer (beer_name,beer_style,created_date,price,quantity_on_hand,upc,update_date,version,id) values (?,?,?,?,?,?,?,?,?)
Hibernate: insert into beer (beer_name,beer_style,created_date,price,quantity_on_hand,upc,update_date,version,id) values (?,?,?,?,?,?,?,?,?)
Hibernate: insert into beer (beer_name,beer_style,created_date,price,quantity_on_hand,upc,update_date,version,id) values (?,?,?,?,?,?,?,?,?)
Hibernate: insert into beer (beer_name,beer_style,created_date,price,quantity_on_hand,upc,update_date,version,id) values (?,?,?,?,?,?,?,?,?)
Hibernate: insert into beer (beer_name,beer_style,created_date,price,quantity_on_hand,upc,update_date,version,id) values (?,?,?,?,?,?,?,?,?)
Hibernate: insert into beer (beer_name,beer_style,created_date,price,quantity_on_hand,upc,update_date,version,id) values (?,?,?,?,?,?,?,?,?)
Hibernate: insert into beer (beer_name,beer_style,created_date,price,quantity_on_hand,upc,update_date,version,id) values (?,?,?,?,?,?,?,?,?)
Hibernate: insert into beer (beer_name,beer_style,created_date,price,quantity_on_hand,upc,update_date,version,id) values (?,?,?,?,?,?,?,?,?)
Hibernate: insert into beer (beer_name,beer_style,created_date,price,quantity_on_hand,upc,update_date,version,id) values (?,?,?,?,?,?,?,?,?)
Hibernate: insert into beer (beer_name,beer_style,created_date,price,quantity_on_hand,upc,update_date,version,id) values (?,?,?,?,?,?,?,?,?)
Hibernate: insert into beer (beer_name,beer_style,created_date,price,quantity_on_hand,upc,update_date,version,id) values (?,?,?,?,?,?,?,?,?)
Hibernate: insert into beer (beer_name,beer_style,created_date,price,quantity_on_hand,upc,update_date,version,id) values (?,?,?,?,?,?,?,?,?)
Hibernate: insert into beer (beer_name,beer_style,created_date,price,quantity_on_hand,upc,update_date,version,id) values (?,?,?,?,?,?,?,?,?)
Hibernate: insert into beer (beer_name,beer_style,created_date,price,quantity_on_hand,upc,update_date,version,id) values (?,?,?,?,?,?,?,?,?)
Hibernate: insert into beer (beer_name,beer_style,created_date,price,quantity_on_hand,upc,update_date,version,id) values (?,?,?,?,?,?,?,?,?)
Hibernate: insert into beer (beer_name,beer_style,created_date,price,quantity_on_hand,upc,update_date,version,id) values (?,?,?,?,?,?,?,?,?)
Hibernate: insert into beer (beer_name,beer_style,created_date,price,quantity_on_hand,upc,update_date,version,id) values (?,?,?,?,?,?,?,?,?)
Hibernate: insert into beer (beer_name,beer_style,created_date,price,quantity_on_hand,upc,update_date,version,id) values (?,?,?,?,?,?,?,?,?)
Hibernate: insert into beer (beer_name,beer_style,created_date,price,quantity_on_hand,upc,update_date,version,id) values (?,?,?,?,?,?,?,?,?)
Hibernate: insert into beer (beer_name,beer_style,created_date,price,quantity_on_hand,upc,update_date,version,id) values (?,?,?,?,?,?,?,?,?)
Hibernate: insert into beer (beer_name,beer_style,created_date,price,quantity_on_hand,upc,update_date,version,id) values (?,?,?,?,?,?,?,?,?)
Hibernate: insert into beer (beer_name,beer_style,created_date,price,quantity_on_hand,upc,update_date,version,id) values (?,?,?,?,?,?,?,?,?)
Hibernate: insert into beer (beer_name,beer_style,created_date,price,quantity_on_hand,upc,update_date,version,id) values (?,?,?,?,?,?,?,?,?)
Hibernate: insert into beer (beer_name,beer_style,created_date,price,quantity_on_hand,upc,update_date,version,id) values (?,?,?,?,?,?,?,?,?)
Hibernate: insert into beer (beer_name,beer_style,created_date,price,quantity_on_hand,upc,update_date,version,id) values (?,?,?,?,?,?,?,?,?)
Hibernate: insert into beer (beer_name,beer_style,created_date,price,quantity_on_hand,upc,update_date,version,id) values (?,?,?,?,?,?,?,?,?)
Hibernate: insert into beer (beer_name,beer_style,created_date,price,quantity_on_hand,upc,update_date,version,id) values (?,?,?,?,?,?,?,?,?)
Hibernate: insert into beer (beer_name,beer_style,created_date,price,quantity_on_hand,upc,update_date,version,id) values (?,?,?,?,?,?,?,?,?)
Hibernate: insert into beer (beer_name,beer_style,created_date,price,quantity_on_hand,upc,update_date,version,id) values (?,?,?,?,?,?,?,?,?)
Hibernate: insert into beer (beer_name,beer_style,created_date,price,quantity_on_hand,upc,update_date,version,id) values (?,?,?,?,?,?,?,?,?)
Hibernate: insert into beer (beer_name,beer_style,created_date,price,quantity_on_hand,upc,update_date,version,id) values (?,?,?,?,?,?,?,?,?)
Hibernate: insert into beer (beer_name,beer_style,created_date,price,quantity_on_hand,upc,update_date,version,id) values (?,?,?,?,?,?,?,?,?)
Hibernate: insert into beer (beer_name,beer_style,created_date,price,quantity_on_hand,upc,update_date,version,id) values (?,?,?,?,?,?,?,?,?)
Hibernate: insert into beer (beer_name,beer_style,created_date,price,quantity_on_hand,upc,update_date,version,id) values (?,?,?,?,?,?,?,?,?)
Hibernate: insert into beer (beer_name,beer_style,created_date,price,quantity_on_hand,upc,update_date,version,id) values (?,?,?,?,?,?,?,?,?)
Hibernate: insert into beer (beer_name,beer_style,created_date,price,quantity_on_hand,upc,update_date,version,id) values (?,?,?,?,?,?,?,?,?)
Hibernate: insert into beer (beer_name,beer_style,created_date,price,quantity_on_hand,upc,update_date,version,id) values (?,?,?,?,?,?,?,?,?)
Hibernate: insert into beer (beer_name,beer_style,created_date,price,quantity_on_hand,upc,update_date,version,id) values (?,?,?,?,?,?,?,?,?)
Hibernate: insert into beer (beer_name,beer_style,created_date,price,quantity_on_hand,upc,update_date,version,id) values (?,?,?,?,?,?,?,?,?)
Hibernate: insert into beer (beer_name,beer_style,created_date,price,quantity_on_hand,upc,update_date,version,id) values (?,?,?,?,?,?,?,?,?)
Hibernate: insert into beer (beer_name,beer_style,created_date,price,quantity_on_hand,upc,update_date,version,id) values (?,?,?,?,?,?,?,?,?)
Hibernate: insert into beer (beer_name,beer_style,created_date,price,quantity_on_hand,upc,update_date,version,id) values (?,?,?,?,?,?,?,?,?)
Hibernate: insert into beer (beer_name,beer_style,created_date,price,quantity_on_hand,upc,update_date,version,id) values (?,?,?,?,?,?,?,?,?)
Hibernate: insert into beer (beer_name,beer_style,created_date,price,quantity_on_hand,upc,update_date,version,id) values (?,?,?,?,?,?,?,?,?)
Hibernate: insert into beer (beer_name,beer_style,created_date,price,quantity_on_hand,upc,update_date,version,id) values (?,?,?,?,?,?,?,?,?)
Hibernate: insert into beer (beer_name,beer_style,created_date,price,quantity_on_hand,upc,update_date,version,id) values (?,?,?,?,?,?,?,?,?)
Hibernate: insert into beer (beer_name,beer_style,created_date,price,quantity_on_hand,upc,update_date,version,id) values (?,?,?,?,?,?,?,?,?)
Hibernate: insert into beer (beer_name,beer_style,created_date,price,quantity_on_hand,upc,update_date,version,id) values (?,?,?,?,?,?,?,?,?)
Hibernate: insert into beer (beer_name,beer_style,created_date,price,quantity_on_hand,upc,update_date,version,id) values (?,?,?,?,?,?,?,?,?)
Hibernate: insert into beer (beer_name,beer_style,created_date,price,quantity_on_hand,upc,update_date,version,id) values (?,?,?,?,?,?,?,?,?)
Hibernate: insert into beer (beer_name,beer_style,created_date,price,quantity_on_hand,upc,update_date,version,id) values (?,?,?,?,?,?,?,?,?)
Hibernate: insert into beer (beer_name,beer_style,created_date,price,quantity_on_hand,upc,update_date,version,id) values (?,?,?,?,?,?,?,?,?)
Hibernate: insert into beer (beer_name,beer_style,created_date,price,quantity_on_hand,upc,update_date,version,id) values (?,?,?,?,?,?,?,?,?)
Hibernate: insert into beer (beer_name,beer_style,created_date,price,quantity_on_hand,upc,update_date,version,id) values (?,?,?,?,?,?,?,?,?)
Hibernate: insert into beer (beer_name,beer_style,created_date,price,quantity_on_hand,upc,update_date,version,id) values (?,?,?,?,?,?,?,?,?)
Hibernate: insert into beer (beer_name,beer_style,created_date,price,quantity_on_hand,upc,update_date,version,id) values (?,?,?,?,?,?,?,?,?)
Hibernate: insert into beer (beer_name,beer_style,created_date,price,quantity_on_hand,upc,update_date,version,id) values (?,?,?,?,?,?,?,?,?)
Hibernate: insert into beer (beer_name,beer_style,created_date,price,quantity_on_hand,upc,update_date,version,id) values (?,?,?,?,?,?,?,?,?)
Hibernate: insert into beer (beer_name,beer_style,created_date,price,quantity_on_hand,upc,update_date,version,id) values (?,?,?,?,?,?,?,?,?)
Hibernate: insert into beer (beer_name,beer_style,created_date,price,quantity_on_hand,upc,update_date,version,id) values (?,?,?,?,?,?,?,?,?)
Hibernate: insert into beer (beer_name,beer_style,created_date,price,quantity_on_hand,upc,update_date,version,id) values (?,?,?,?,?,?,?,?,?)
Hibernate: insert into beer (beer_name,beer_style,created_date,price,quantity_on_hand,upc,update_date,version,id) values (?,?,?,?,?,?,?,?,?)
Hibernate: insert into beer (beer_name,beer_style,created_date,price,quantity_on_hand,upc,update_date,version,id) values (?,?,?,?,?,?,?,?,?)
Hibernate: insert into beer (beer_name,beer_style,created_date,price,quantity_on_hand,upc,update_date,version,id) values (?,?,?,?,?,?,?,?,?)
Hibernate: insert into beer (beer_name,beer_style,created_date,price,quantity_on_hand,upc,update_date,version,id) values (?,?,?,?,?,?,?,?,?)
Hibernate: insert into beer (beer_name,beer_style,created_date,price,quantity_on_hand,upc,update_date,version,id) values (?,?,?,?,?,?,?,?,?)
Hibernate: insert into beer (beer_name,beer_style,created_date,price,quantity_on_hand,upc,update_date,version,id) values (?,?,?,?,?,?,?,?,?)
Hibernate: insert into beer (beer_name,beer_style,created_date,price,quantity_on_hand,upc,update_date,version,id) values (?,?,?,?,?,?,?,?,?)
Hibernate: insert into beer (beer_name,beer_style,created_date,price,quantity_on_hand,upc,update_date,version,id) values (?,?,?,?,?,?,?,?,?)
Hibernate: insert into beer (beer_name,beer_style,created_date,price,quantity_on_hand,upc,update_date,version,id) values (?,?,?,?,?,?,?,?,?)
Hibernate: insert into beer (beer_name,beer_style,created_date,price,quantity_on_hand,upc,update_date,version,id) values (?,?,?,?,?,?,?,?,?)
Hibernate: insert into beer (beer_name,beer_style,created_date,price,quantity_on_hand,upc,update_date,version,id) values (?,?,?,?,?,?,?,?,?)
Hibernate: insert into beer (beer_name,beer_style,created_date,price,quantity_on_hand,upc,update_date,version,id) values (?,?,?,?,?,?,?,?,?)
Hibernate: insert into beer (beer_name,beer_style,created_date,price,quantity_on_hand,upc,update_date,version,id) values (?,?,?,?,?,?,?,?,?)
Hibernate: insert into beer (beer_name,beer_style,created_date,price,quantity_on_hand,upc,update_date,version,id) values (?,?,?,?,?,?,?,?,?)
Hibernate: insert into beer (beer_name,beer_style,created_date,price,quantity_on_hand,upc,update_date,version,id) values (?,?,?,?,?,?,?,?,?)
Hibernate: insert into beer (beer_name,beer_style,created_date,price,quantity_on_hand,upc,update_date,version,id) values (?,?,?,?,?,?,?,?,?)
Hibernate: insert into beer (beer_name,beer_style,created_date,price,quantity_on_hand,upc,update_date,version,id) values (?,?,?,?,?,?,?,?,?)
Hibernate: insert into beer (beer_name,beer_style,created_date,price,quantity_on_hand,upc,update_date,version,id) values (?,?,?,?,?,?,?,?,?)
Hibernate: insert into beer (beer_name,beer_style,created_date,price,quantity_on_hand,upc,update_date,version,id) values (?,?,?,?,?,?,?,?,?)
Hibernate: insert into beer (beer_name,beer_style,created_date,price,quantity_on_hand,upc,update_date,version,id) values (?,?,?,?,?,?,?,?,?)
Hibernate: insert into beer (beer_name,beer_style,created_date,price,quantity_on_hand,upc,update_date,version,id) values (?,?,?,?,?,?,?,?,?)
Hibernate: insert into beer (beer_name,beer_style,created_date,price,quantity_on_hand,upc,update_date,version,id) values (?,?,?,?,?,?,?,?,?)
Hibernate: insert into beer (beer_name,beer_style,created_date,price,quantity_on_hand,upc,update_date,version,id) values (?,?,?,?,?,?,?,?,?)
Hibernate: insert into beer (beer_name,beer_style,created_date,price,quantity_on_hand,upc,update_date,version,id) values (?,?,?,?,?,?,?,?,?)
Hibernate: insert into beer (beer_name,beer_style,created_date,price,quantity_on_hand,upc,update_date,version,id) values (?,?,?,?,?,?,?,?,?)
Hibernate: insert into beer (beer_name,beer_style,created_date,price,quantity_on_hand,upc,update_date,version,id) values (?,?,?,?,?,?,?,?,?)
Hibernate: insert into beer (beer_name,beer_style,created_date,price,quantity_on_hand,upc,update_date,version,id) values (?,?,?,?,?,?,?,?,?)
Hibernate: insert into beer (beer_name,beer_style,created_date,price,quantity_on_hand,upc,update_date,version,id) values (?,?,?,?,?,?,?,?,?)
Hibernate: insert into beer (beer_name,beer_style,created_date,price,quantity_on_hand,upc,update_date,version,id) values (?,?,?,?,?,?,?,?,?)
Hibernate: insert into beer (beer_name,beer_style,created_date,price,quantity_on_hand,upc,update_date,version,id) values (?,?,?,?,?,?,?,?,?)
Hibernate: insert into beer (beer_name,beer_style,created_date,price,quantity_on_hand,upc,update_date,version,id) values (?,?,?,?,?,?,?,?,?)
Hibernate: insert into beer (beer_name,beer_style,created_date,price,quantity_on_hand,upc,update_date,version,id) values (?,?,?,?,?,?,?,?,?)
Hibernate: insert into beer (beer_name,beer_style,created_date,price,quantity_on_hand,upc,update_date,version,id) values (?,?,?,?,?,?,?,?,?)
Hibernate: insert into beer (beer_name,beer_style,created_date,price,quantity_on_hand,upc,update_date,version,id) values (?,?,?,?,?,?,?,?,?)
Hibernate: insert into beer (beer_name,beer_style,created_date,price,quantity_on_hand,upc,update_date,version,id) values (?,?,?,?,?,?,?,?,?)
Hibernate: insert into beer (beer_name,beer_style,created_date,price,quantity_on_hand,upc,update_date,version,id) values (?,?,?,?,?,?,?,?,?)
Hibernate: insert into beer (beer_name,beer_style,created_date,price,quantity_on_hand,upc,update_date,version,id) values (?,?,?,?,?,?,?,?,?)
Hibernate: insert into beer (beer_name,beer_style,created_date,price,quantity_on_hand,upc,update_date,version,id) values (?,?,?,?,?,?,?,?,?)
Hibernate: insert into beer (beer_name,beer_style,created_date,price,quantity_on_hand,upc,update_date,version,id) values (?,?,?,?,?,?,?,?,?)
Hibernate: insert into beer (beer_name,beer_style,created_date,price,quantity_on_hand,upc,update_date,version,id) values (?,?,?,?,?,?,?,?,?)
Hibernate: insert into beer (beer_name,beer_style,created_date,price,quantity_on_hand,upc,update_date,version,id) values (?,?,?,?,?,?,?,?,?)
Hibernate: insert into beer (beer_name,beer_style,created_date,price,quantity_on_hand,upc,update_date,version,id) values (?,?,?,?,?,?,?,?,?)
Hibernate: insert into beer (beer_name,beer_style,created_date,price,quantity_on_hand,upc,update_date,version,id) values (?,?,?,?,?,?,?,?,?)
Hibernate: insert into beer (beer_name,beer_style,created_date,price,quantity_on_hand,upc,update_date,version,id) values (?,?,?,?,?,?,?,?,?)
Hibernate: insert into beer (beer_name,beer_style,created_date,price,quantity_on_hand,upc,update_date,version,id) values (?,?,?,?,?,?,?,?,?)
Hibernate: insert into beer (beer_name,beer_style,created_date,price,quantity_on_hand,upc,update_date,version,id) values (?,?,?,?,?,?,?,?,?)
Hibernate: insert into beer (beer_name,beer_style,created_date,price,quantity_on_hand,upc,update_date,version,id) values (?,?,?,?,?,?,?,?,?)
Hibernate: insert into beer (beer_name,beer_style,created_date,price,quantity_on_hand,upc,update_date,version,id) values (?,?,?,?,?,?,?,?,?)
Hibernate: insert into beer (beer_name,beer_style,created_date,price,quantity_on_hand,upc,update_date,version,id) values (?,?,?,?,?,?,?,?,?)
Hibernate: insert into beer (beer_name,beer_style,created_date,price,quantity_on_hand,upc,update_date,version,id) values (?,?,?,?,?,?,?,?,?)
Hibernate: insert into beer (beer_name,beer_style,created_date,price,quantity_on_hand,upc,update_date,version,id) values (?,?,?,?,?,?,?,?,?)
Hibernate: insert into beer (beer_name,beer_style,created_date,price,quantity_on_hand,upc,update_date,version,id) values (?,?,?,?,?,?,?,?,?)
Hibernate: insert into beer (beer_name,beer_style,created_date,price,quantity_on_hand,upc,update_date,version,id) values (?,?,?,?,?,?,?,?,?)
Hibernate: insert into beer (beer_name,beer_style,created_date,price,quantity_on_hand,upc,update_date,version,id) values (?,?,?,?,?,?,?,?,?)
Hibernate: insert into beer (beer_name,beer_style,created_date,price,quantity_on_hand,upc,update_date,version,id) values (?,?,?,?,?,?,?,?,?)
Hibernate: insert into beer (beer_name,beer_style,created_date,price,quantity_on_hand,upc,update_date,version,id) values (?,?,?,?,?,?,?,?,?)
Hibernate: insert into beer (beer_name,beer_style,created_date,price,quantity_on_hand,upc,update_date,version,id) values (?,?,?,?,?,?,?,?,?)
Hibernate: insert into beer (beer_name,beer_style,created_date,price,quantity_on_hand,upc,update_date,version,id) values (?,?,?,?,?,?,?,?,?)
Hibernate: insert into beer (beer_name,beer_style,created_date,price,quantity_on_hand,upc,update_date,version,id) values (?,?,?,?,?,?,?,?,?)
Hibernate: insert into beer (beer_name,beer_style,created_date,price,quantity_on_hand,upc,update_date,version,id) values (?,?,?,?,?,?,?,?,?)
Hibernate: insert into beer (beer_name,beer_style,created_date,price,quantity_on_hand,upc,update_date,version,id) values (?,?,?,?,?,?,?,?,?)
Hibernate: insert into beer (beer_name,beer_style,created_date,price,quantity_on_hand,upc,update_date,version,id) values (?,?,?,?,?,?,?,?,?)
Hibernate: insert into beer (beer_name,beer_style,created_date,price,quantity_on_hand,upc,update_date,version,id) values (?,?,?,?,?,?,?,?,?)
Hibernate: insert into beer (beer_name,beer_style,created_date,price,quantity_on_hand,upc,update_date,version,id) values (?,?,?,?,?,?,?,?,?)
Hibernate: insert into beer (beer_name,beer_style,created_date,price,quantity_on_hand,upc,update_date,version,id) values (?,?,?,?,?,?,?,?,?)
Hibernate: insert into beer (beer_name,beer_style,created_date,price,quantity_on_hand,upc,update_date,version,id) values (?,?,?,?,?,?,?,?,?)
Hibernate: insert into beer (beer_name,beer_style,created_date,price,quantity_on_hand,upc,update_date,version,id) values (?,?,?,?,?,?,?,?,?)
Hibernate: insert into beer (beer_name,beer_style,created_date,price,quantity_on_hand,upc,update_date,version,id) values (?,?,?,?,?,?,?,?,?)
Hibernate: insert into beer (beer_name,beer_style,created_date,price,quantity_on_hand,upc,update_date,version,id) values (?,?,?,?,?,?,?,?,?)
Hibernate: insert into beer (beer_name,beer_style,created_date,price,quantity_on_hand,upc,update_date,version,id) values (?,?,?,?,?,?,?,?,?)
Hibernate: insert into beer (beer_name,beer_style,created_date,price,quantity_on_hand,upc,update_date,version,id) values (?,?,?,?,?,?,?,?,?)
Hibernate: insert into beer (beer_name,beer_style,created_date,price,quantity_on_hand,upc,update_date,version,id) values (?,?,?,?,?,?,?,?,?)
Hibernate: insert into beer (beer_name,beer_style,created_date,price,quantity_on_hand,upc,update_date,version,id) values (?,?,?,?,?,?,?,?,?)
Hibernate: insert into beer (beer_name,beer_style,created_date,price,quantity_on_hand,upc,update_date,version,id) values (?,?,?,?,?,?,?,?,?)
Hibernate: insert into beer (beer_name,beer_style,created_date,price,quantity_on_hand,upc,update_date,version,id) values (?,?,?,?,?,?,?,?,?)
Hibernate: insert into beer (beer_name,beer_style,created_date,price,quantity_on_hand,upc,update_date,version,id) values (?,?,?,?,?,?,?,?,?)
Hibernate: insert into beer (beer_name,beer_style,created_date,price,quantity_on_hand,upc,update_date,version,id) values (?,?,?,?,?,?,?,?,?)
Hibernate: insert into beer (beer_name,beer_style,created_date,price,quantity_on_hand,upc,update_date,version,id) values (?,?,?,?,?,?,?,?,?)
Hibernate: insert into beer (beer_name,beer_style,created_date,price,quantity_on_hand,upc,update_date,version,id) values (?,?,?,?,?,?,?,?,?)
Hibernate: insert into beer (beer_name,beer_style,created_date,price,quantity_on_hand,upc,update_date,version,id) values (?,?,?,?,?,?,?,?,?)
Hibernate: insert into beer (beer_name,beer_style,created_date,price,quantity_on_hand,upc,update_date,version,id) values (?,?,?,?,?,?,?,?,?)
Hibernate: insert into beer (beer_name,beer_style,created_date,price,quantity_on_hand,upc,update_date,version,id) values (?,?,?,?,?,?,?,?,?)
Hibernate: insert into beer (beer_name,beer_style,created_date,price,quantity_on_hand,upc,update_date,version,id) values (?,?,?,?,?,?,?,?,?)
Hibernate: insert into beer (beer_name,beer_style,created_date,price,quantity_on_hand,upc,update_date,version,id) values (?,?,?,?,?,?,?,?,?)
Hibernate: insert into beer (beer_name,beer_style,created_date,price,quantity_on_hand,upc,update_date,version,id) values (?,?,?,?,?,?,?,?,?)
Hibernate: insert into beer (beer_name,beer_style,created_date,price,quantity_on_hand,upc,update_date,version,id) values (?,?,?,?,?,?,?,?,?)
Hibernate: insert into beer (beer_name,beer_style,created_date,price,quantity_on_hand,upc,update_date,version,id) values (?,?,?,?,?,?,?,?,?)
Hibernate: insert into beer (beer_name,beer_style,created_date,price,quantity_on_hand,upc,update_date,version,id) values (?,?,?,?,?,?,?,?,?)
Hibernate: insert into beer (beer_name,beer_style,created_date,price,quantity_on_hand,upc,update_date,version,id) values (?,?,?,?,?,?,?,?,?)
Hibernate: insert into beer (beer_name,beer_style,created_date,price,quantity_on_hand,upc,update_date,version,id) values (?,?,?,?,?,?,?,?,?)
Hibernate: insert into beer (beer_name,beer_style,created_date,price,quantity_on_hand,upc,update_date,version,id) values (?,?,?,?,?,?,?,?,?)
Hibernate: insert into beer (beer_name,beer_style,created_date,price,quantity_on_hand,upc,update_date,version,id) values (?,?,?,?,?,?,?,?,?)
Hibernate: insert into beer (beer_name,beer_style,created_date,price,quantity_on_hand,upc,update_date,version,id) values (?,?,?,?,?,?,?,?,?)
Hibernate: insert into beer (beer_name,beer_style,created_date,price,quantity_on_hand,upc,update_date,version,id) values (?,?,?,?,?,?,?,?,?)
Hibernate: insert into beer (beer_name,beer_style,created_date,price,quantity_on_hand,upc,update_date,version,id) values (?,?,?,?,?,?,?,?,?)
Hibernate: insert into beer (beer_name,beer_style,created_date,price,quantity_on_hand,upc,update_date,version,id) values (?,?,?,?,?,?,?,?,?)
Hibernate: insert into beer (beer_name,beer_style,created_date,price,quantity_on_hand,upc,update_date,version,id) values (?,?,?,?,?,?,?,?,?)
Hibernate: insert into beer (beer_name,beer_style,created_date,price,quantity_on_hand,upc,update_date,version,id) values (?,?,?,?,?,?,?,?,?)
Hibernate: insert into beer (beer_name,beer_style,created_date,price,quantity_on_hand,upc,update_date,version,id) values (?,?,?,?,?,?,?,?,?)
Hibernate: insert into beer (beer_name,beer_style,created_date,price,quantity_on_hand,upc,update_date,version,id) values (?,?,?,?,?,?,?,?,?)
Hibernate: insert into beer (beer_name,beer_style,created_date,price,quantity_on_hand,upc,update_date,version,id) values (?,?,?,?,?,?,?,?,?)
Hibernate: insert into beer (beer_name,beer_style,created_date,price,quantity_on_hand,upc,update_date,version,id) values (?,?,?,?,?,?,?,?,?)
Hibernate: insert into beer (beer_name,beer_style,created_date,price,quantity_on_hand,upc,update_date,version,id) values (?,?,?,?,?,?,?,?,?)
Hibernate: insert into beer (beer_name,beer_style,created_date,price,quantity_on_hand,upc,update_date,version,id) values (?,?,?,?,?,?,?,?,?)
Hibernate: insert into beer (beer_name,beer_style,created_date,price,quantity_on_hand,upc,update_date,version,id) values (?,?,?,?,?,?,?,?,?)
Hibernate: insert into beer (beer_name,beer_style,created_date,price,quantity_on_hand,upc,update_date,version,id) values (?,?,?,?,?,?,?,?,?)
Hibernate: insert into beer (beer_name,beer_style,created_date,price,quantity_on_hand,upc,update_date,version,id) values (?,?,?,?,?,?,?,?,?)
Hibernate: insert into beer (beer_name,beer_style,created_date,price,quantity_on_hand,upc,update_date,version,id) values (?,?,?,?,?,?,?,?,?)
Hibernate: insert into beer (beer_name,beer_style,created_date,price,quantity_on_hand,upc,update_date,version,id) values (?,?,?,?,?,?,?,?,?)
Hibernate: insert into beer (beer_name,beer_style,created_date,price,quantity_on_hand,upc,update_date,version,id) values (?,?,?,?,?,?,?,?,?)
Hibernate: insert into beer (beer_name,beer_style,created_date,price,quantity_on_hand,upc,update_date,version,id) values (?,?,?,?,?,?,?,?,?)
Hibernate: insert into beer (beer_name,beer_style,created_date,price,quantity_on_hand,upc,update_date,version,id) values (?,?,?,?,?,?,?,?,?)
Hibernate: insert into beer (beer_name,beer_style,created_date,price,quantity_on_hand,upc,update_date,version,id) values (?,?,?,?,?,?,?,?,?)
Hibernate: insert into beer (beer_name,beer_style,created_date,price,quantity_on_hand,upc,update_date,version,id) values (?,?,?,?,?,?,?,?,?)
Hibernate: insert into beer (beer_name,beer_style,created_date,price,quantity_on_hand,upc,update_date,version,id) values (?,?,?,?,?,?,?,?,?)
Hibernate: insert into beer (beer_name,beer_style,created_date,price,quantity_on_hand,upc,update_date,version,id) values (?,?,?,?,?,?,?,?,?)
Hibernate: insert into beer (beer_name,beer_style,created_date,price,quantity_on_hand,upc,update_date,version,id) values (?,?,?,?,?,?,?,?,?)
Hibernate: insert into beer (beer_name,beer_style,created_date,price,quantity_on_hand,upc,update_date,version,id) values (?,?,?,?,?,?,?,?,?)
Hibernate: insert into beer (beer_name,beer_style,created_date,price,quantity_on_hand,upc,update_date,version,id) values (?,?,?,?,?,?,?,?,?)
Hibernate: insert into beer (beer_name,beer_style,created_date,price,quantity_on_hand,upc,update_date,version,id) values (?,?,?,?,?,?,?,?,?)
Hibernate: insert into beer (beer_name,beer_style,created_date,price,quantity_on_hand,upc,update_date,version,id) values (?,?,?,?,?,?,?,?,?)
Hibernate: insert into beer (beer_name,beer_style,created_date,price,quantity_on_hand,upc,update_date,version,id) values (?,?,?,?,?,?,?,?,?)
Hibernate: insert into beer (beer_name,beer_style,created_date,price,quantity_on_hand,upc,update_date,version,id) values (?,?,?,?,?,?,?,?,?)
Hibernate: insert into beer (beer_name,beer_style,created_date,price,quantity_on_hand,upc,update_date,version,id) values (?,?,?,?,?,?,?,?,?)
Hibernate: insert into beer (beer_name,beer_style,created_date,price,quantity_on_hand,upc,update_date,version,id) values (?,?,?,?,?,?,?,?,?)
Hibernate: insert into beer (beer_name,beer_style,created_date,price,quantity_on_hand,upc,update_date,version,id) values (?,?,?,?,?,?,?,?,?)
Hibernate: insert into beer (beer_name,beer_style,created_date,price,quantity_on_hand,upc,update_date,version,id) values (?,?,?,?,?,?,?,?,?)
Hibernate: insert into beer (beer_name,beer_style,created_date,price,quantity_on_hand,upc,update_date,version,id) values (?,?,?,?,?,?,?,?,?)
Hibernate: insert into beer (beer_name,beer_style,created_date,price,quantity_on_hand,upc,update_date,version,id) values (?,?,?,?,?,?,?,?,?)
Hibernate: insert into beer (beer_name,beer_style,created_date,price,quantity_on_hand,upc,update_date,version,id) values (?,?,?,?,?,?,?,?,?)
Hibernate: insert into beer (beer_name,beer_style,created_date,price,quantity_on_hand,upc,update_date,version,id) values (?,?,?,?,?,?,?,?,?)
Hibernate: insert into beer (beer_name,beer_style,created_date,price,quantity_on_hand,upc,update_date,version,id) values (?,?,?,?,?,?,?,?,?)
Hibernate: insert into beer (beer_name,beer_style,created_date,price,quantity_on_hand,upc,update_date,version,id) values (?,?,?,?,?,?,?,?,?)
Hibernate: insert into beer (beer_name,beer_style,created_date,price,quantity_on_hand,upc,update_date,version,id) values (?,?,?,?,?,?,?,?,?)
Hibernate: insert into beer (beer_name,beer_style,created_date,price,quantity_on_hand,upc,update_date,version,id) values (?,?,?,?,?,?,?,?,?)
Hibernate: insert into beer (beer_name,beer_style,created_date,price,quantity_on_hand,upc,update_date,version,id) values (?,?,?,?,?,?,?,?,?)
Hibernate: insert into beer (beer_name,beer_style,created_date,price,quantity_on_hand,upc,update_date,version,id) values (?,?,?,?,?,?,?,?,?)
Hibernate: insert into beer (beer_name,beer_style,created_date,price,quantity_on_hand,upc,update_date,version,id) values (?,?,?,?,?,?,?,?,?)
Hibernate: insert into beer (beer_name,beer_style,created_date,price,quantity_on_hand,upc,update_date,version,id) values (?,?,?,?,?,?,?,?,?)
Hibernate: insert into beer (beer_name,beer_style,created_date,price,quantity_on_hand,upc,update_date,version,id) values (?,?,?,?,?,?,?,?,?)
Hibernate: insert into beer (beer_name,beer_style,created_date,price,quantity_on_hand,upc,update_date,version,id) values (?,?,?,?,?,?,?,?,?)
Hibernate: insert into beer (beer_name,beer_style,created_date,price,quantity_on_hand,upc,update_date,version,id) values (?,?,?,?,?,?,?,?,?)
Hibernate: insert into beer (beer_name,beer_style,created_date,price,quantity_on_hand,upc,update_date,version,id) values (?,?,?,?,?,?,?,?,?)
Hibernate: insert into beer (beer_name,beer_style,created_date,price,quantity_on_hand,upc,update_date,version,id) values (?,?,?,?,?,?,?,?,?)
Hibernate: insert into beer (beer_name,beer_style,created_date,price,quantity_on_hand,upc,update_date,version,id) values (?,?,?,?,?,?,?,?,?)
Hibernate: insert into beer (beer_name,beer_style,created_date,price,quantity_on_hand,upc,update_date,version,id) values (?,?,?,?,?,?,?,?,?)
Hibernate: insert into beer (beer_name,beer_style,created_date,price,quantity_on_hand,upc,update_date,version,id) values (?,?,?,?,?,?,?,?,?)
Hibernate: insert into beer (beer_name,beer_style,created_date,price,quantity_on_hand,upc,update_date,version,id) values (?,?,?,?,?,?,?,?,?)
Hibernate: insert into beer (beer_name,beer_style,created_date,price,quantity_on_hand,upc,update_date,version,id) values (?,?,?,?,?,?,?,?,?)
Hibernate: insert into beer (beer_name,beer_style,created_date,price,quantity_on_hand,upc,update_date,version,id) values (?,?,?,?,?,?,?,?,?)
Hibernate: insert into beer (beer_name,beer_style,created_date,price,quantity_on_hand,upc,update_date,version,id) values (?,?,?,?,?,?,?,?,?)
Hibernate: insert into beer (beer_name,beer_style,created_date,price,quantity_on_hand,upc,update_date,version,id) values (?,?,?,?,?,?,?,?,?)
Hibernate: insert into beer (beer_name,beer_style,created_date,price,quantity_on_hand,upc,update_date,version,id) values (?,?,?,?,?,?,?,?,?)
Hibernate: insert into beer (beer_name,beer_style,created_date,price,quantity_on_hand,upc,update_date,version,id) values (?,?,?,?,?,?,?,?,?)
Hibernate: insert into beer (beer_name,beer_style,created_date,price,quantity_on_hand,upc,update_date,version,id) values (?,?,?,?,?,?,?,?,?)
Hibernate: insert into beer (beer_name,beer_style,created_date,price,quantity_on_hand,upc,update_date,version,id) values (?,?,?,?,?,?,?,?,?)
Hibernate: insert into beer (beer_name,beer_style,created_date,price,quantity_on_hand,upc,update_date,version,id) values (?,?,?,?,?,?,?,?,?)
Hibernate: insert into beer (beer_name,beer_style,created_date,price,quantity_on_hand,upc,update_date,version,id) values (?,?,?,?,?,?,?,?,?)
Hibernate: insert into beer (beer_name,beer_style,created_date,price,quantity_on_hand,upc,update_date,version,id) values (?,?,?,?,?,?,?,?,?)
Hibernate: insert into beer (beer_name,beer_style,created_date,price,quantity_on_hand,upc,update_date,version,id) values (?,?,?,?,?,?,?,?,?)
Hibernate: insert into beer (beer_name,beer_style,created_date,price,quantity_on_hand,upc,update_date,version,id) values (?,?,?,?,?,?,?,?,?)
Hibernate: insert into beer (beer_name,beer_style,created_date,price,quantity_on_hand,upc,update_date,version,id) values (?,?,?,?,?,?,?,?,?)
Hibernate: insert into beer (beer_name,beer_style,created_date,price,quantity_on_hand,upc,update_date,version,id) values (?,?,?,?,?,?,?,?,?)
Hibernate: insert into beer (beer_name,beer_style,created_date,price,quantity_on_hand,upc,update_date,version,id) values (?,?,?,?,?,?,?,?,?)
Hibernate: insert into beer (beer_name,beer_style,created_date,price,quantity_on_hand,upc,update_date,version,id) values (?,?,?,?,?,?,?,?,?)
Hibernate: insert into beer (beer_name,beer_style,created_date,price,quantity_on_hand,upc,update_date,version,id) values (?,?,?,?,?,?,?,?,?)
Hibernate: insert into beer (beer_name,beer_style,created_date,price,quantity_on_hand,upc,update_date,version,id) values (?,?,?,?,?,?,?,?,?)
Hibernate: insert into beer (beer_name,beer_style,created_date,price,quantity_on_hand,upc,update_date,version,id) values (?,?,?,?,?,?,?,?,?)
Hibernate: insert into beer (beer_name,beer_style,created_date,price,quantity_on_hand,upc,update_date,version,id) values (?,?,?,?,?,?,?,?,?)
Hibernate: insert into beer (beer_name,beer_style,created_date,price,quantity_on_hand,upc,update_date,version,id) values (?,?,?,?,?,?,?,?,?)
Hibernate: insert into beer (beer_name,beer_style,created_date,price,quantity_on_hand,upc,update_date,version,id) values (?,?,?,?,?,?,?,?,?)
Hibernate: insert into beer (beer_name,beer_style,created_date,price,quantity_on_hand,upc,update_date,version,id) values (?,?,?,?,?,?,?,?,?)
Hibernate: insert into beer (beer_name,beer_style,created_date,price,quantity_on_hand,upc,update_date,version,id) values (?,?,?,?,?,?,?,?,?)
Hibernate: insert into beer (beer_name,beer_style,created_date,price,quantity_on_hand,upc,update_date,version,id) values (?,?,?,?,?,?,?,?,?)
Hibernate: insert into beer (beer_name,beer_style,created_date,price,quantity_on_hand,upc,update_date,version,id) values (?,?,?,?,?,?,?,?,?)
Hibernate: insert into beer (beer_name,beer_style,created_date,price,quantity_on_hand,upc,update_date,version,id) values (?,?,?,?,?,?,?,?,?)
Hibernate: insert into beer (beer_name,beer_style,created_date,price,quantity_on_hand,upc,update_date,version,id) values (?,?,?,?,?,?,?,?,?)
Hibernate: insert into beer (beer_name,beer_style,created_date,price,quantity_on_hand,upc,update_date,version,id) values (?,?,?,?,?,?,?,?,?)
Hibernate: insert into beer (beer_name,beer_style,created_date,price,quantity_on_hand,upc,update_date,version,id) values (?,?,?,?,?,?,?,?,?)
Hibernate: insert into beer (beer_name,beer_style,created_date,price,quantity_on_hand,upc,update_date,version,id) values (?,?,?,?,?,?,?,?,?)
Hibernate: insert into beer (beer_name,beer_style,created_date,price,quantity_on_hand,upc,update_date,version,id) values (?,?,?,?,?,?,?,?,?)
Hibernate: insert into beer (beer_name,beer_style,created_date,price,quantity_on_hand,upc,update_date,version,id) values (?,?,?,?,?,?,?,?,?)
Hibernate: insert into beer (beer_name,beer_style,created_date,price,quantity_on_hand,upc,update_date,version,id) values (?,?,?,?,?,?,?,?,?)
Hibernate: insert into beer (beer_name,beer_style,created_date,price,quantity_on_hand,upc,update_date,version,id) values (?,?,?,?,?,?,?,?,?)
Hibernate: insert into beer (beer_name,beer_style,created_date,price,quantity_on_hand,upc,update_date,version,id) values (?,?,?,?,?,?,?,?,?)
Hibernate: insert into beer (beer_name,beer_style,created_date,price,quantity_on_hand,upc,update_date,version,id) values (?,?,?,?,?,?,?,?,?)
Hibernate: insert into beer (beer_name,beer_style,created_date,price,quantity_on_hand,upc,update_date,version,id) values (?,?,?,?,?,?,?,?,?)
Hibernate: insert into beer (beer_name,beer_style,created_date,price,quantity_on_hand,upc,update_date,version,id) values (?,?,?,?,?,?,?,?,?)
Hibernate: insert into beer (beer_name,beer_style,created_date,price,quantity_on_hand,upc,update_date,version,id) values (?,?,?,?,?,?,?,?,?)
Hibernate: insert into beer (beer_name,beer_style,created_date,price,quantity_on_hand,upc,update_date,version,id) values (?,?,?,?,?,?,?,?,?)
Hibernate: insert into beer (beer_name,beer_style,created_date,price,quantity_on_hand,upc,update_date,version,id) values (?,?,?,?,?,?,?,?,?)
Hibernate: insert into beer (beer_name,beer_style,created_date,price,quantity_on_hand,upc,update_date,version,id) values (?,?,?,?,?,?,?,?,?)
Hibernate: insert into beer (beer_name,beer_style,created_date,price,quantity_on_hand,upc,update_date,version,id) values (?,?,?,?,?,?,?,?,?)
Hibernate: insert into beer (beer_name,beer_style,created_date,price,quantity_on_hand,upc,update_date,version,id) values (?,?,?,?,?,?,?,?,?)
Hibernate: insert into beer (beer_name,beer_style,created_date,price,quantity_on_hand,upc,update_date,version,id) values (?,?,?,?,?,?,?,?,?)
Hibernate: insert into beer (beer_name,beer_style,created_date,price,quantity_on_hand,upc,update_date,version,id) values (?,?,?,?,?,?,?,?,?)
Hibernate: insert into beer (beer_name,beer_style,created_date,price,quantity_on_hand,upc,update_date,version,id) values (?,?,?,?,?,?,?,?,?)
Hibernate: insert into beer (beer_name,beer_style,created_date,price,quantity_on_hand,upc,update_date,version,id) values (?,?,?,?,?,?,?,?,?)
Hibernate: insert into beer (beer_name,beer_style,created_date,price,quantity_on_hand,upc,update_date,version,id) values (?,?,?,?,?,?,?,?,?)
Hibernate: insert into beer (beer_name,beer_style,created_date,price,quantity_on_hand,upc,update_date,version,id) values (?,?,?,?,?,?,?,?,?)
Hibernate: insert into beer (beer_name,beer_style,created_date,price,quantity_on_hand,upc,update_date,version,id) values (?,?,?,?,?,?,?,?,?)
Hibernate: insert into beer (beer_name,beer_style,created_date,price,quantity_on_hand,upc,update_date,version,id) values (?,?,?,?,?,?,?,?,?)
Hibernate: insert into beer (beer_name,beer_style,created_date,price,quantity_on_hand,upc,update_date,version,id) values (?,?,?,?,?,?,?,?,?)
Hibernate: insert into beer (beer_name,beer_style,created_date,price,quantity_on_hand,upc,update_date,version,id) values (?,?,?,?,?,?,?,?,?)
Hibernate: insert into beer (beer_name,beer_style,created_date,price,quantity_on_hand,upc,update_date,version,id) values (?,?,?,?,?,?,?,?,?)
Hibernate: insert into beer (beer_name,beer_style,created_date,price,quantity_on_hand,upc,update_date,version,id) values (?,?,?,?,?,?,?,?,?)
Hibernate: insert into beer (beer_name,beer_style,created_date,price,quantity_on_hand,upc,update_date,version,id) values (?,?,?,?,?,?,?,?,?)
Hibernate: insert into beer (beer_name,beer_style,created_date,price,quantity_on_hand,upc,update_date,version,id) values (?,?,?,?,?,?,?,?,?)
Hibernate: insert into beer (beer_name,beer_style,created_date,price,quantity_on_hand,upc,update_date,version,id) values (?,?,?,?,?,?,?,?,?)
Hibernate: insert into beer (beer_name,beer_style,created_date,price,quantity_on_hand,upc,update_date,version,id) values (?,?,?,?,?,?,?,?,?)
Hibernate: insert into beer (beer_name,beer_style,created_date,price,quantity_on_hand,upc,update_date,version,id) values (?,?,?,?,?,?,?,?,?)
Hibernate: insert into beer (beer_name,beer_style,created_date,price,quantity_on_hand,upc,update_date,version,id) values (?,?,?,?,?,?,?,?,?)
Hibernate: insert into beer (beer_name,beer_style,created_date,price,quantity_on_hand,upc,update_date,version,id) values (?,?,?,?,?,?,?,?,?)
Hibernate: insert into beer (beer_name,beer_style,created_date,price,quantity_on_hand,upc,update_date,version,id) values (?,?,?,?,?,?,?,?,?)
Hibernate: insert into beer (beer_name,beer_style,created_date,price,quantity_on_hand,upc,update_date,version,id) values (?,?,?,?,?,?,?,?,?)
Hibernate: insert into beer (beer_name,beer_style,created_date,price,quantity_on_hand,upc,update_date,version,id) values (?,?,?,?,?,?,?,?,?)
Hibernate: insert into beer (beer_name,beer_style,created_date,price,quantity_on_hand,upc,update_date,version,id) values (?,?,?,?,?,?,?,?,?)
Hibernate: insert into beer (beer_name,beer_style,created_date,price,quantity_on_hand,upc,update_date,version,id) values (?,?,?,?,?,?,?,?,?)
Hibernate: insert into beer (beer_name,beer_style,created_date,price,quantity_on_hand,upc,update_date,version,id) values (?,?,?,?,?,?,?,?,?)
Hibernate: insert into beer (beer_name,beer_style,created_date,price,quantity_on_hand,upc,update_date,version,id) values (?,?,?,?,?,?,?,?,?)
Hibernate: insert into beer (beer_name,beer_style,created_date,price,quantity_on_hand,upc,update_date,version,id) values (?,?,?,?,?,?,?,?,?)
Hibernate: insert into beer (beer_name,beer_style,created_date,price,quantity_on_hand,upc,update_date,version,id) values (?,?,?,?,?,?,?,?,?)
Hibernate: insert into beer (beer_name,beer_style,created_date,price,quantity_on_hand,upc,update_date,version,id) values (?,?,?,?,?,?,?,?,?)
Hibernate: insert into beer (beer_name,beer_style,created_date,price,quantity_on_hand,upc,update_date,version,id) values (?,?,?,?,?,?,?,?,?)
Hibernate: insert into beer (beer_name,beer_style,created_date,price,quantity_on_hand,upc,update_date,version,id) values (?,?,?,?,?,?,?,?,?)
Hibernate: insert into beer (beer_name,beer_style,created_date,price,quantity_on_hand,upc,update_date,version,id) values (?,?,?,?,?,?,?,?,?)
Hibernate: insert into beer (beer_name,beer_style,created_date,price,quantity_on_hand,upc,update_date,version,id) values (?,?,?,?,?,?,?,?,?)
Hibernate: insert into beer (beer_name,beer_style,created_date,price,quantity_on_hand,upc,update_date,version,id) values (?,?,?,?,?,?,?,?,?)
Hibernate: insert into beer (beer_name,beer_style,created_date,price,quantity_on_hand,upc,update_date,version,id) values (?,?,?,?,?,?,?,?,?)
Hibernate: insert into beer (beer_name,beer_style,created_date,price,quantity_on_hand,upc,update_date,version,id) values (?,?,?,?,?,?,?,?,?)
Hibernate: insert into beer (beer_name,beer_style,created_date,price,quantity_on_hand,upc,update_date,version,id) values (?,?,?,?,?,?,?,?,?)
Hibernate: insert into beer (beer_name,beer_style,created_date,price,quantity_on_hand,upc,update_date,version,id) values (?,?,?,?,?,?,?,?,?)
Hibernate: insert into beer (beer_name,beer_style,created_date,price,quantity_on_hand,upc,update_date,version,id) values (?,?,?,?,?,?,?,?,?)
Hibernate: insert into beer (beer_name,beer_style,created_date,price,quantity_on_hand,upc,update_date,version,id) values (?,?,?,?,?,?,?,?,?)
Hibernate: insert into beer (beer_name,beer_style,created_date,price,quantity_on_hand,upc,update_date,version,id) values (?,?,?,?,?,?,?,?,?)
Hibernate: insert into beer (beer_name,beer_style,created_date,price,quantity_on_hand,upc,update_date,version,id) values (?,?,?,?,?,?,?,?,?)
Hibernate: insert into beer (beer_name,beer_style,created_date,price,quantity_on_hand,upc,update_date,version,id) values (?,?,?,?,?,?,?,?,?)
Hibernate: insert into beer (beer_name,beer_style,created_date,price,quantity_on_hand,upc,update_date,version,id) values (?,?,?,?,?,?,?,?,?)
Hibernate: insert into beer (beer_name,beer_style,created_date,price,quantity_on_hand,upc,update_date,version,id) values (?,?,?,?,?,?,?,?,?)
Hibernate: insert into beer (beer_name,beer_style,created_date,price,quantity_on_hand,upc,update_date,version,id) values (?,?,?,?,?,?,?,?,?)
Hibernate: insert into beer (beer_name,beer_style,created_date,price,quantity_on_hand,upc,update_date,version,id) values (?,?,?,?,?,?,?,?,?)
Hibernate: insert into beer (beer_name,beer_style,created_date,price,quantity_on_hand,upc,update_date,version,id) values (?,?,?,?,?,?,?,?,?)
Hibernate: insert into beer (beer_name,beer_style,created_date,price,quantity_on_hand,upc,update_date,version,id) values (?,?,?,?,?,?,?,?,?)
Hibernate: insert into beer (beer_name,beer_style,created_date,price,quantity_on_hand,upc,update_date,version,id) values (?,?,?,?,?,?,?,?,?)
Hibernate: insert into beer (beer_name,beer_style,created_date,price,quantity_on_hand,upc,update_date,version,id) values (?,?,?,?,?,?,?,?,?)
Hibernate: insert into beer (beer_name,beer_style,created_date,price,quantity_on_hand,upc,update_date,version,id) values (?,?,?,?,?,?,?,?,?)
Hibernate: insert into beer (beer_name,beer_style,created_date,price,quantity_on_hand,upc,update_date,version,id) values (?,?,?,?,?,?,?,?,?)
Hibernate: insert into beer (beer_name,beer_style,created_date,price,quantity_on_hand,upc,update_date,version,id) values (?,?,?,?,?,?,?,?,?)
Hibernate: insert into beer (beer_name,beer_style,created_date,price,quantity_on_hand,upc,update_date,version,id) values (?,?,?,?,?,?,?,?,?)
Hibernate: insert into beer (beer_name,beer_style,created_date,price,quantity_on_hand,upc,update_date,version,id) values (?,?,?,?,?,?,?,?,?)
Hibernate: insert into beer (beer_name,beer_style,created_date,price,quantity_on_hand,upc,update_date,version,id) values (?,?,?,?,?,?,?,?,?)
Hibernate: insert into beer (beer_name,beer_style,created_date,price,quantity_on_hand,upc,update_date,version,id) values (?,?,?,?,?,?,?,?,?)
Hibernate: insert into beer (beer_name,beer_style,created_date,price,quantity_on_hand,upc,update_date,version,id) values (?,?,?,?,?,?,?,?,?)
Hibernate: insert into beer (beer_name,beer_style,created_date,price,quantity_on_hand,upc,update_date,version,id) values (?,?,?,?,?,?,?,?,?)
Hibernate: insert into beer (beer_name,beer_style,created_date,price,quantity_on_hand,upc,update_date,version,id) values (?,?,?,?,?,?,?,?,?)
Hibernate: insert into beer (beer_name,beer_style,created_date,price,quantity_on_hand,upc,update_date,version,id) values (?,?,?,?,?,?,?,?,?)
Hibernate: insert into beer (beer_name,beer_style,created_date,price,quantity_on_hand,upc,update_date,version,id) values (?,?,?,?,?,?,?,?,?)
Hibernate: insert into beer (beer_name,beer_style,created_date,price,quantity_on_hand,upc,update_date,version,id) values (?,?,?,?,?,?,?,?,?)
Hibernate: insert into beer (beer_name,beer_style,created_date,price,quantity_on_hand,upc,update_date,version,id) values (?,?,?,?,?,?,?,?,?)
Hibernate: insert into beer (beer_name,beer_style,created_date,price,quantity_on_hand,upc,update_date,version,id) values (?,?,?,?,?,?,?,?,?)
[...]
Hibernate: insert into beer (beer_name,beer_style,created_date,price,quantity_on_hand,upc,update_date,version,id) values (?,?,?,?,?,?,?,?,?)
Hibernate: insert into beer (beer_name,beer_style,created_date,price,quantity_on_hand,upc,update_date,version,id) values (?,?,?,?,?,?,?,?,?)
Hibernate: insert into beer (beer_name,beer_style,created_date,price,quantity_on_hand,upc,update_date,version,id) values (?,?,?,?,?,?,?,?,?)
Hibernate: insert into beer (beer_name,beer_style,created_date,price,quantity_on_hand,upc,update_date,version,id) values (?,?,?,?,?,?,?,?,?)
Hibernate: insert into beer (beer_name,beer_style,created_date,price,quantity_on_hand,upc,update_date,version,id) values (?,?,?,?,?,?,?,?,?)
Hibernate: insert into beer (beer_name,beer_style,created_date,price,quantity_on_hand,upc,update_date,version,id) values (?,?,?,?,?,?,?,?,?)
Hibernate: insert into beer (beer_name,beer_style,created_date,price,quantity_on_hand,upc,update_date,version,id) values (?,?,?,?,?,?,?,?,?)
Hibernate: insert into beer (beer_name,beer_style,created_date,price,quantity_on_hand,upc,update_date,version,id) values (?,?,?,?,?,?,?,?,?)
Hibernate: insert into beer (beer_name,beer_style,created_date,price,quantity_on_hand,upc,update_date,version,id) values (?,?,?,?,?,?,?,?,?)
Hibernate: insert into beer (beer_name,beer_style,created_date,price,quantity_on_hand,upc,update_date,version,id) values (?,?,?,?,?,?,?,?,?)
Hibernate: insert into beer (beer_name,beer_style,created_date,price,quantity_on_hand,upc,update_date,version,id) values (?,?,?,?,?,?,?,?,?)
Hibernate: insert into beer (beer_name,beer_style,created_date,price,quantity_on_hand,upc,update_date,version,id) values (?,?,?,?,?,?,?,?,?)
Hibernate: insert into beer (beer_name,beer_style,created_date,price,quantity_on_hand,upc,update_date,version,id) values (?,?,?,?,?,?,?,?,?)
Hibernate: insert into beer (beer_name,beer_style,created_date,price,quantity_on_hand,upc,update_date,version,id) values (?,?,?,?,?,?,?,?,?)
Hibernate: insert into beer (beer_name,beer_style,created_date,price,quantity_on_hand,upc,update_date,version,id) values (?,?,?,?,?,?,?,?,?)
Hibernate: insert into beer (beer_name,beer_style,created_date,price,quantity_on_hand,upc,update_date,version,id) values (?,?,?,?,?,?,?,?,?)
Hibernate: insert into beer (beer_name,beer_style,created_date,price,quantity_on_hand,upc,update_date,version,id) values (?,?,?,?,?,?,?,?,?)
Hibernate: insert into beer (beer_name,beer_style,created_date,price,quantity_on_hand,upc,update_date,version,id) values (?,?,?,?,?,?,?,?,?)
Hibernate: insert into beer (beer_name,beer_style,created_date,price,quantity_on_hand,upc,update_date,version,id) values (?,?,?,?,?,?,?,?,?)
Hibernate: insert into beer (beer_name,beer_style,created_date,price,quantity_on_hand,upc,update_date,version,id) values (?,?,?,?,?,?,?,?,?)
Hibernate: insert into beer (beer_name,beer_style,created_date,price,quantity_on_hand,upc,update_date,version,id) values (?,?,?,?,?,?,?,?,?)
Hibernate: insert into beer (beer_name,beer_style,created_date,price,quantity_on_hand,upc,update_date,version,id) values (?,?,?,?,?,?,?,?,?)
Hibernate: insert into beer (beer_name,beer_style,created_date,price,quantity_on_hand,upc,update_date,version,id) values (?,?,?,?,?,?,?,?,?)
Hibernate: insert into beer (beer_name,beer_style,created_date,price,quantity_on_hand,upc,update_date,version,id) values (?,?,?,?,?,?,?,?,?)
Hibernate: insert into beer (beer_name,beer_style,created_date,price,quantity_on_hand,upc,update_date,version,id) values (?,?,?,?,?,?,?,?,?)
Hibernate: insert into beer (beer_name,beer_style,created_date,price,quantity_on_hand,upc,update_date,version,id) values (?,?,?,?,?,?,?,?,?)
Hibernate: insert into beer (beer_name,beer_style,created_date,price,quantity_on_hand,upc,update_date,version,id) values (?,?,?,?,?,?,?,?,?)
Hibernate: insert into beer (beer_name,beer_style,created_date,price,quantity_on_hand,upc,update_date,version,id) values (?,?,?,?,?,?,?,?,?)
Hibernate: insert into beer (beer_name,beer_style,created_date,price,quantity_on_hand,upc,update_date,version,id) values (?,?,?,?,?,?,?,?,?)
Hibernate: insert into beer (beer_name,beer_style,created_date,price,quantity_on_hand,upc,update_date,version,id) values (?,?,?,?,?,?,?,?,?)
Hibernate: insert into beer (beer_name,beer_style,created_date,price,quantity_on_hand,upc,update_date,version,id) values (?,?,?,?,?,?,?,?,?)
Hibernate: insert into beer (beer_name,beer_style,created_date,price,quantity_on_hand,upc,update_date,version,id) values (?,?,?,?,?,?,?,?,?)
Hibernate: insert into beer (beer_name,beer_style,created_date,price,quantity_on_hand,upc,update_date,version,id) values (?,?,?,?,?,?,?,?,?)
Hibernate: insert into beer (beer_name,beer_style,created_date,price,quantity_on_hand,upc,update_date,version,id) values (?,?,?,?,?,?,?,?,?)
Hibernate: insert into beer (beer_name,beer_style,created_date,price,quantity_on_hand,upc,update_date,version,id) values (?,?,?,?,?,?,?,?,?)
Hibernate: insert into beer (beer_name,beer_style,created_date,price,quantity_on_hand,upc,update_date,version,id) values (?,?,?,?,?,?,?,?,?)
Hibernate: insert into beer (beer_name,beer_style,created_date,price,quantity_on_hand,upc,update_date,version,id) values (?,?,?,?,?,?,?,?,?)
Hibernate: insert into beer (beer_name,beer_style,created_date,price,quantity_on_hand,upc,update_date,version,id) values (?,?,?,?,?,?,?,?,?)
Hibernate: insert into beer (beer_name,beer_style,created_date,price,quantity_on_hand,upc,update_date,version,id) values (?,?,?,?,?,?,?,?,?)
Hibernate: insert into beer (beer_name,beer_style,created_date,price,quantity_on_hand,upc,update_date,version,id) values (?,?,?,?,?,?,?,?,?)
Hibernate: insert into beer (beer_name,beer_style,created_date,price,quantity_on_hand,upc,update_date,version,id) values (?,?,?,?,?,?,?,?,?)
Hibernate: insert into beer (beer_name,beer_style,created_date,price,quantity_on_hand,upc,update_date,version,id) values (?,?,?,?,?,?,?,?,?)
Hibernate: insert into beer (beer_name,beer_style,created_date,price,quantity_on_hand,upc,update_date,version,id) values (?,?,?,?,?,?,?,?,?)
Hibernate: insert into beer (beer_name,beer_style,created_date,price,quantity_on_hand,upc,update_date,version,id) values (?,?,?,?,?,?,?,?,?)
Hibernate: insert into beer (beer_name,beer_style,created_date,price,quantity_on_hand,upc,update_date,version,id) values (?,?,?,?,?,?,?,?,?)
Hibernate: insert into beer (beer_name,beer_style,created_date,price,quantity_on_hand,upc,update_date,version,id) values (?,?,?,?,?,?,?,?,?)
Hibernate: insert into beer (beer_name,beer_style,created_date,price,quantity_on_hand,upc,update_date,version,id) values (?,?,?,?,?,?,?,?,?)
Hibernate: insert into beer (beer_name,beer_style,created_date,price,quantity_on_hand,upc,update_date,version,id) values (?,?,?,?,?,?,?,?,?)
Hibernate: insert into beer (beer_name,beer_style,created_date,price,quantity_on_hand,upc,update_date,version,id) values (?,?,?,?,?,?,?,?,?)
Hibernate: insert into beer (beer_name,beer_style,created_date,price,quantity_on_hand,upc,update_date,version,id) values (?,?,?,?,?,?,?,?,?)
Hibernate: insert into beer (beer_name,beer_style,created_date,price,quantity_on_hand,upc,update_date,version,id) values (?,?,?,?,?,?,?,?,?)
Hibernate: insert into beer (beer_name,beer_style,created_date,price,quantity_on_hand,upc,update_date,version,id) values (?,?,?,?,?,?,?,?,?)
Hibernate: insert into beer (beer_name,beer_style,created_date,price,quantity_on_hand,upc,update_date,version,id) values (?,?,?,?,?,?,?,?,?)
Hibernate: insert into beer (beer_name,beer_style,created_date,price,quantity_on_hand,upc,update_date,version,id) values (?,?,?,?,?,?,?,?,?)
Hibernate: insert into beer (beer_name,beer_style,created_date,price,quantity_on_hand,upc,update_date,version,id) values (?,?,?,?,?,?,?,?,?)
Hibernate: insert into beer (beer_name,beer_style,created_date,price,quantity_on_hand,upc,update_date,version,id) values (?,?,?,?,?,?,?,?,?)
Hibernate: insert into beer (beer_name,beer_style,created_date,price,quantity_on_hand,upc,update_date,version,id) values (?,?,?,?,?,?,?,?,?)
Hibernate: insert into beer (beer_name,beer_style,created_date,price,quantity_on_hand,upc,update_date,version,id) values (?,?,?,?,?,?,?,?,?)
Hibernate: insert into beer (beer_name,beer_style,created_date,price,quantity_on_hand,upc,update_date,version,id) values (?,?,?,?,?,?,?,?,?)
Hibernate: insert into beer (beer_name,beer_style,created_date,price,quantity_on_hand,upc,update_date,version,id) values (?,?,?,?,?,?,?,?,?)
Hibernate: insert into beer (beer_name,beer_style,created_date,price,quantity_on_hand,upc,update_date,version,id) values (?,?,?,?,?,?,?,?,?)
Hibernate: insert into beer (beer_name,beer_style,created_date,price,quantity_on_hand,upc,update_date,version,id) values (?,?,?,?,?,?,?,?,?)
Hibernate: insert into beer (beer_name,beer_style,created_date,price,quantity_on_hand,upc,update_date,version,id) values (?,?,?,?,?,?,?,?,?)
Hibernate: insert into beer (beer_name,beer_style,created_date,price,quantity_on_hand,upc,update_date,version,id) values (?,?,?,?,?,?,?,?,?)
Hibernate: insert into beer (beer_name,beer_style,created_date,price,quantity_on_hand,upc,update_date,version,id) values (?,?,?,?,?,?,?,?,?)
Hibernate: insert into beer (beer_name,beer_style,created_date,price,quantity_on_hand,upc,update_date,version,id) values (?,?,?,?,?,?,?,?,?)
Hibernate: insert into beer (beer_name,beer_style,created_date,price,quantity_on_hand,upc,update_date,version,id) values (?,?,?,?,?,?,?,?,?)
Hibernate: insert into beer (beer_name,beer_style,created_date,price,quantity_on_hand,upc,update_date,version,id) values (?,?,?,?,?,?,?,?,?)
Hibernate: insert into beer (beer_name,beer_style,created_date,price,quantity_on_hand,upc,update_date,version,id) values (?,?,?,?,?,?,?,?,?)
Hibernate: insert into beer (beer_name,beer_style,created_date,price,quantity_on_hand,upc,update_date,version,id) values (?,?,?,?,?,?,?,?,?)
Hibernate: insert into beer (beer_name,beer_style,created_date,price,quantity_on_hand,upc,update_date,version,id) values (?,?,?,?,?,?,?,?,?)
Hibernate: insert into beer (beer_name,beer_style,created_date,price,quantity_on_hand,upc,update_date,version,id) values (?,?,?,?,?,?,?,?,?)
Hibernate: insert into beer (beer_name,beer_style,created_date,price,quantity_on_hand,upc,update_date,version,id) values (?,?,?,?,?,?,?,?,?)
Hibernate: insert into beer (beer_name,beer_style,created_date,price,quantity_on_hand,upc,update_date,version,id) values (?,?,?,?,?,?,?,?,?)
Hibernate: insert into beer (beer_name,beer_style,created_date,price,quantity_on_hand,upc,update_date,version,id) values (?,?,?,?,?,?,?,?,?)
Hibernate: insert into beer (beer_name,beer_style,created_date,price,quantity_on_hand,upc,update_date,version,id) values (?,?,?,?,?,?,?,?,?)
Hibernate: insert into beer (beer_name,beer_style,created_date,price,quantity_on_hand,upc,update_date,version,id) values (?,?,?,?,?,?,?,?,?)
Hibernate: insert into beer (beer_name,beer_style,created_date,price,quantity_on_hand,upc,update_date,version,id) values (?,?,?,?,?,?,?,?,?)
Hibernate: insert into beer (beer_name,beer_style,created_date,price,quantity_on_hand,upc,update_date,version,id) values (?,?,?,?,?,?,?,?,?)
Hibernate: insert into beer (beer_name,beer_style,created_date,price,quantity_on_hand,upc,update_date,version,id) values (?,?,?,?,?,?,?,?,?)
Hibernate: insert into beer (beer_name,beer_style,created_date,price,quantity_on_hand,upc,update_date,version,id) values (?,?,?,?,?,?,?,?,?)
Hibernate: insert into beer (beer_name,beer_style,created_date,price,quantity_on_hand,upc,update_date,version,id) values (?,?,?,?,?,?,?,?,?)
Hibernate: insert into beer (beer_name,beer_style,created_date,price,quantity_on_hand,upc,update_date,version,id) values (?,?,?,?,?,?,?,?,?)
Hibernate: insert into beer (beer_name,beer_style,created_date,price,quantity_on_hand,upc,update_date,version,id) values (?,?,?,?,?,?,?,?,?)
Hibernate: insert into beer (beer_name,beer_style,created_date,price,quantity_on_hand,upc,update_date,version,id) values (?,?,?,?,?,?,?,?,?)
Hibernate: insert into beer (beer_name,beer_style,created_date,price,quantity_on_hand,upc,update_date,version,id) values (?,?,?,?,?,?,?,?,?)
Hibernate: insert into beer (beer_name,beer_style,created_date,price,quantity_on_hand,upc,update_date,version,id) values (?,?,?,?,?,?,?,?,?)
Hibernate: insert into beer (beer_name,beer_style,created_date,price,quantity_on_hand,upc,update_date,version,id) values (?,?,?,?,?,?,?,?,?)
Hibernate: insert into beer (beer_name,beer_style,created_date,price,quantity_on_hand,upc,update_date,version,id) values (?,?,?,?,?,?,?,?,?)
Hibernate: insert into beer (beer_name,beer_style,created_date,price,quantity_on_hand,upc,update_date,version,id) values (?,?,?,?,?,?,?,?,?)
Hibernate: insert into beer (beer_name,beer_style,created_date,price,quantity_on_hand,upc,update_date,version,id) values (?,?,?,?,?,?,?,?,?)
Hibernate: insert into beer (beer_name,beer_style,created_date,price,quantity_on_hand,upc,update_date,version,id) values (?,?,?,?,?,?,?,?,?)
Hibernate: insert into beer (beer_name,beer_style,created_date,price,quantity_on_hand,upc,update_date,version,id) values (?,?,?,?,?,?,?,?,?)
Hibernate: insert into beer (beer_name,beer_style,created_date,price,quantity_on_hand,upc,update_date,version,id) values (?,?,?,?,?,?,?,?,?)
Hibernate: insert into beer (beer_name,beer_style,created_date,price,quantity_on_hand,upc,update_date,version,id) values (?,?,?,?,?,?,?,?,?)
Hibernate: insert into beer (beer_name,beer_style,created_date,price,quantity_on_hand,upc,update_date,version,id) values (?,?,?,?,?,?,?,?,?)
Hibernate: insert into beer (beer_name,beer_style,created_date,price,quantity_on_hand,upc,update_date,version,id) values (?,?,?,?,?,?,?,?,?)
Hibernate: insert into beer (beer_name,beer_style,created_date,price,quantity_on_hand,upc,update_date,version,id) values (?,?,?,?,?,?,?,?,?)
Hibernate: insert into beer (beer_name,beer_style,created_date,price,quantity_on_hand,upc,update_date,version,id) values (?,?,?,?,?,?,?,?,?)
Hibernate: insert into beer (beer_name,beer_style,created_date,price,quantity_on_hand,upc,update_date,version,id) values (?,?,?,?,?,?,?,?,?)
Hibernate: insert into beer (beer_name,beer_style,created_date,price,quantity_on_hand,upc,update_date,version,id) values (?,?,?,?,?,?,?,?,?)
Hibernate: insert into beer (beer_name,beer_style,created_date,price,quantity_on_hand,upc,update_date,version,id) values (?,?,?,?,?,?,?,?,?)
Hibernate: insert into beer (beer_name,beer_style,created_date,price,quantity_on_hand,upc,update_date,version,id) values (?,?,?,?,?,?,?,?,?)
Hibernate: insert into beer (beer_name,beer_style,created_date,price,quantity_on_hand,upc,update_date,version,id) values (?,?,?,?,?,?,?,?,?)
Hibernate: insert into beer (beer_name,beer_style,created_date,price,quantity_on_hand,upc,update_date,version,id) values (?,?,?,?,?,?,?,?,?)
Hibernate: insert into beer (beer_name,beer_style,created_date,price,quantity_on_hand,upc,update_date,version,id) values (?,?,?,?,?,?,?,?,?)
Hibernate: insert into beer (beer_name,beer_style,created_date,price,quantity_on_hand,upc,update_date,version,id) values (?,?,?,?,?,?,?,?,?)
Hibernate: insert into beer (beer_name,beer_style,created_date,price,quantity_on_hand,upc,update_date,version,id) values (?,?,?,?,?,?,?,?,?)
Hibernate: insert into beer (beer_name,beer_style,created_date,price,quantity_on_hand,upc,update_date,version,id) values (?,?,?,?,?,?,?,?,?)
Hibernate: insert into beer (beer_name,beer_style,created_date,price,quantity_on_hand,upc,update_date,version,id) values (?,?,?,?,?,?,?,?,?)
Hibernate: insert into beer (beer_name,beer_style,created_date,price,quantity_on_hand,upc,update_date,version,id) values (?,?,?,?,?,?,?,?,?)
Hibernate: insert into customer (created_date,email,name,update_date,version,id) values (?,?,?,?,?,?)
Hibernate: insert into customer (created_date,email,name,update_date,version,id) values (?,?,?,?,?,?)
Hibernate: insert into customer (created_date,email,name,update_date,version,id) values (?,?,?,?,?,?)
Hibernate: select count(*) from beer_order bo1_0
Hibernate: select c1_0.id,c1_0.created_date,c1_0.email,c1_0.name,c1_0.update_date,c1_0.version from customer c1_0
Hibernate: select b1_0.id,b1_0.beer_name,b1_0.beer_style,b1_0.created_date,b1_0.price,b1_0.quantity_on_hand,b1_0.upc,b1_0.update_date,b1_0.version from beer b1_0
Hibernate: insert into beer_order (beer_order_shipment_id,created_date,customer_id,customer_ref,last_modified_date,version,id) values (?,?,?,?,?,?,?)
Hibernate: insert into beer_order_line (beer_id,beer_order_id,created_date,last_modified_date,order_quantity,quantity_allocated,version,id) values (?,?,?,?,?,?,?,?)
Hibernate: insert into beer_order_line (beer_id,beer_order_id,created_date,last_modified_date,order_quantity,quantity_allocated,version,id) values (?,?,?,?,?,?,?,?)
Hibernate: insert into beer_order (beer_order_shipment_id,created_date,customer_id,customer_ref,last_modified_date,version,id) values (?,?,?,?,?,?,?)
Hibernate: insert into beer_order_line (beer_id,beer_order_id,created_date,last_modified_date,order_quantity,quantity_allocated,version,id) values (?,?,?,?,?,?,?,?)
Hibernate: insert into beer_order_line (beer_id,beer_order_id,created_date,last_modified_date,order_quantity,quantity_allocated,version,id) values (?,?,?,?,?,?,?,?)
Hibernate: insert into beer_order (beer_order_shipment_id,created_date,customer_id,customer_ref,last_modified_date,version,id) values (?,?,?,?,?,?,?)
Hibernate: insert into beer_order_line (beer_id,beer_order_id,created_date,last_modified_date,order_quantity,quantity_allocated,version,id) values (?,?,?,?,?,?,?,?)
Hibernate: insert into beer_order_line (beer_id,beer_order_id,created_date,last_modified_date,order_quantity,quantity_allocated,version,id) values (?,?,?,?,?,?,?,?)
Hibernate: insert into beer_order (beer_order_shipment_id,created_date,customer_id,customer_ref,last_modified_date,version,id) values (?,?,?,?,?,?,?)
Hibernate: insert into beer_order_line (beer_id,beer_order_id,created_date,last_modified_date,order_quantity,quantity_allocated,version,id) values (?,?,?,?,?,?,?,?)
Hibernate: insert into beer_order_line (beer_id,beer_order_id,created_date,last_modified_date,order_quantity,quantity_allocated,version,id) values (?,?,?,?,?,?,?,?)
Hibernate: insert into beer_order (beer_order_shipment_id,created_date,customer_id,customer_ref,last_modified_date,version,id) values (?,?,?,?,?,?,?)
Hibernate: insert into beer_order_line (beer_id,beer_order_id,created_date,last_modified_date,order_quantity,quantity_allocated,version,id) values (?,?,?,?,?,?,?,?)
Hibernate: insert into beer_order_line (beer_id,beer_order_id,created_date,last_modified_date,order_quantity,quantity_allocated,version,id) values (?,?,?,?,?,?,?,?)
Hibernate: insert into beer_order (beer_order_shipment_id,created_date,customer_id,customer_ref,last_modified_date,version,id) values (?,?,?,?,?,?,?)
Hibernate: insert into beer_order_line (beer_id,beer_order_id,created_date,last_modified_date,order_quantity,quantity_allocated,version,id) values (?,?,?,?,?,?,?,?)
Hibernate: insert into beer_order_line (beer_id,beer_order_id,created_date,last_modified_date,order_quantity,quantity_allocated,version,id) values (?,?,?,?,?,?,?,?)
Hibernate: select bo1_0.id,bo1_0.beer_order_shipment_id,bo1_0.created_date,bo1_0.customer_id,bo1_0.customer_ref,bo1_0.last_modified_date,bo1_0.version from beer_order bo1_0
Hibernate: select count(*) from beer b1_0
Hibernate: select count(*) from customer c1_0
]]></system-out>
    <system-err><![CDATA[WARNING: A Java agent has been loaded dynamically (/home/toniferr/.m2/repository/net/bytebuddy/byte-buddy-agent/1.14.17/byte-buddy-agent-1.14.17.jar)
WARNING: If a serviceability tool is in use, please run with -XX:+EnableDynamicAgentLoading to hide this warning
WARNING: If a serviceability tool is not in use, please run with -Djdk.instrument.traceUsage for more information
WARNING: Dynamic loading of agents will be disallowed by default in a future release
]]></system-err>
  </testcase>
</testsuite>