<?xml version="1.0" encoding="UTF-8"?>
<testsuite xmlns:xsi="http://www.w3.org/2001/XMLSchema-instance" xsi:noNamespaceSchemaLocation="https://maven.apache.org/surefire/maven-surefire-plugin/xsd/surefire-test-report-3.0.xsd" version="3.0" name="com.toniferr.spring6restmvc.controller.BeerControllerRestAssuredTest" time="10.491" tests="1" errors="0" skipped="0" failures="0">
  <properties>
[...]
</properties>
  <testcase name="testListBeers" classname="com.toniferr.spring6restmvc.controller.BeerControllerRestAssuredTest" time="1.842">
    <system-out><![CDATA[{"@timestamp":"2024-06-28T09:47:19.000125964+02:00","@version":"1","message":"Restart disabled due to context in which it is running","logger_name":"org.springframework.boot.devtools.restart.RestartApplicationListener","thread_name":"main","level":"INFO","level_value":20000}

  .   ____          _            __ _ _
 /\\ / ___'_ __ _ _(_)_ __  __ _ \ \ \ \
( ( )\___ | '_ | '_| | '_ \/ _` | \ \ \ \
 \\/  ___)| |_)| | | | | || (_| |  ) ) ) )
  '  |____| .__|_| |_|_| |_\__, | / / / /
 =========|_|==============|___/=/_/_/_/

 :: Spring Boot ::                (v3.3.1)

{"@timestamp":"2024-06-28T09:47:19.038056153+02:00","@version":"1","message":"Starting BeerControllerRestAssuredTest using Java 21.0.3 with PID 6790 (started by toniferr in /home/toniferr/Workspace/peeper-Spring6-rest)","logger_name":"com.toniferr.spring6restmvc.controller.BeerControllerRestAssuredTest","thread_name":"main","level":"INFO","level_value":20000}
{"@timestamp":"2024-06-28T09:47:19.038291314+02:00","@version":"1","message":"Running with Spring Boot v3.3.1, Spring v6.1.10","logger_name":"com.toniferr.spring6restmvc.controller.BeerControllerRestAssuredTest","thread_name":"main","level":"DEBUG","level_value":10000}
{"@timestamp":"2024-06-28T09:47:19.038749452+02:00","@version":"1","message":"The following 1 profile is active: \"test\"","logger_name":"com.toniferr.spring6restmvc.controller.BeerControllerRestAssuredTest","thread_name":"main","level":"INFO","level_value":20000}
{"@timestamp":"2024-06-28T09:47:20.133975866+02:00","@version":"1","message":"Bootstrapping Spring Data JPA repositories in DEFAULT mode.","logger_name":"org.springframework.data.repository.config.RepositoryConfigurationDelegate","thread_name":"main","level":"INFO","level_value":20000}
{"@timestamp":"2024-06-28T09:47:20.159433835+02:00","@version":"1","message":"Finished Spring Data repository scanning in 24 ms. Found 5 JPA repository interfaces.","logger_name":"org.springframework.data.repository.config.RepositoryConfigurationDelegate","thread_name":"main","level":"INFO","level_value":20000}
{"@timestamp":"2024-06-28T09:47:21.002522681+02:00","@version":"1","message":"Tomcat initialized with port 0 (http)","logger_name":"org.springframework.boot.web.embedded.tomcat.TomcatWebServer","thread_name":"main","level":"INFO","level_value":20000}
{"@timestamp":"2024-06-28T09:47:21.019734846+02:00","@version":"1","message":"Initializing ProtocolHandler [\"http-nio-auto-1\"]","logger_name":"org.apache.coyote.http11.Http11NioProtocol","thread_name":"main","level":"INFO","level_value":20000}
{"@timestamp":"2024-06-28T09:47:21.022088563+02:00","@version":"1","message":"Starting service [Tomcat]","logger_name":"org.apache.catalina.core.StandardService","thread_name":"main","level":"INFO","level_value":20000}
{"@timestamp":"2024-06-28T09:47:21.02256765+02:00","@version":"1","message":"Starting Servlet engine: [Apache Tomcat/10.1.25]","logger_name":"org.apache.catalina.core.StandardEngine","thread_name":"main","level":"INFO","level_value":20000}
{"@timestamp":"2024-06-28T09:47:21.10771724+02:00","@version":"1","message":"Initializing Spring embedded WebApplicationContext","logger_name":"org.apache.catalina.core.ContainerBase.[Tomcat].[localhost].[/]","thread_name":"main","level":"INFO","level_value":20000}
{"@timestamp":"2024-06-28T09:47:21.108182552+02:00","@version":"1","message":"Root WebApplicationContext: initialization completed in 2067 ms","logger_name":"org.springframework.boot.web.servlet.context.ServletWebServerApplicationContext","thread_name":"main","level":"INFO","level_value":20000}
Standard Commons Logging discovery in action with spring-jcl: please remove commons-logging.jar from classpath in order to avoid potential conflicts
{"@timestamp":"2024-06-28T09:47:21.774866215+02:00","@version":"1","message":"HikariPool-1 - Starting...","logger_name":"com.zaxxer.hikari.HikariDataSource","thread_name":"main","level":"INFO","level_value":20000}
{"@timestamp":"2024-06-28T09:47:21.796092533+02:00","@version":"1","message":"HikariPool-1 - Added connection conn6: url=jdbc:h2:mem:7dc59acf-6aea-4202-8394-247d350cea40 user=SA","logger_name":"com.zaxxer.hikari.pool.HikariPool","thread_name":"main","level":"INFO","level_value":20000}
{"@timestamp":"2024-06-28T09:47:21.799141361+02:00","@version":"1","message":"HikariPool-1 - Start completed.","logger_name":"com.zaxxer.hikari.HikariDataSource","thread_name":"main","level":"INFO","level_value":20000}
{"@timestamp":"2024-06-28T09:47:21.813233778+02:00","@version":"1","message":"HHH000204: Processing PersistenceUnitInfo [name: default]","logger_name":"org.hibernate.jpa.internal.util.LogHelper","thread_name":"main","level":"INFO","level_value":20000}
{"@timestamp":"2024-06-28T09:47:21.819074369+02:00","@version":"1","message":"HHH000026: Second-level cache disabled","logger_name":"org.hibernate.cache.internal.RegionFactoryInitiator","thread_name":"main","level":"INFO","level_value":20000}
{"@timestamp":"2024-06-28T09:47:21.838047635+02:00","@version":"1","message":"No LoadTimeWeaver setup: ignoring JPA class transformer","logger_name":"org.springframework.orm.jpa.persistenceunit.SpringPersistenceUnitInfo","thread_name":"main","level":"INFO","level_value":20000}
{"@timestamp":"2024-06-28T09:47:22.228096609+02:00","@version":"1","message":"HHH000489: No JTA platform available (set 'hibernate.transaction.jta.platform' to enable JTA platform integration)","logger_name":"org.hibernate.engine.transaction.jta.platform.internal.JtaPlatformInitiator","thread_name":"main","level":"INFO","level_value":20000}
{"@timestamp":"2024-06-28T09:47:22.266829627+02:00","@version":"1","message":"Initialized JPA EntityManagerFactory for persistence unit 'default'","logger_name":"org.springframework.orm.jpa.LocalContainerEntityManagerFactoryBean","thread_name":"main","level":"INFO","level_value":20000}
{"@timestamp":"2024-06-28T09:47:22.838005139+02:00","@version":"1","message":"spring.jpa.open-in-view is enabled by default. Therefore, database queries may be performed during view rendering. Explicitly configure spring.jpa.open-in-view to disable this warning","logger_name":"org.springframework.boot.autoconfigure.orm.jpa.JpaBaseConfiguration$JpaWebConfiguration","thread_name":"main","level":"WARN","level_value":30000}
{"@timestamp":"2024-06-28T09:47:24.367682534+02:00","@version":"1","message":"Exposing 1 endpoint beneath base path '/actuator'","logger_name":"org.springframework.boot.actuate.endpoint.web.EndpointLinksResolver","thread_name":"main","level":"INFO","level_value":20000}
{"@timestamp":"2024-06-28T09:47:25.288148218+02:00","@version":"1","message":"Starting ProtocolHandler [\"http-nio-auto-1\"]","logger_name":"org.apache.coyote.http11.Http11NioProtocol","thread_name":"main","level":"INFO","level_value":20000}
{"@timestamp":"2024-06-28T09:47:25.312239653+02:00","@version":"1","message":"Tomcat started on port 33951 (http) with context path '/'","logger_name":"org.springframework.boot.web.embedded.tomcat.TomcatWebServer","thread_name":"main","level":"INFO","level_value":20000}
{"@timestamp":"2024-06-28T09:47:25.329195454+02:00","@version":"1","message":"Started BeerControllerRestAssuredTest in 6.33 seconds (process running for 25.03)","logger_name":"com.toniferr.spring6restmvc.controller.BeerControllerRestAssuredTest","thread_name":"main","level":"INFO","level_value":20000}
{"@timestamp":"2024-06-28T09:47:28.455591137+02:00","@version":"1","message":"Initializing Spring DispatcherServlet 'dispatcherServlet'","logger_name":"org.apache.catalina.core.ContainerBase.[Tomcat].[localhost].[/]","thread_name":"http-nio-auto-1-exec-1","level":"INFO","level_value":20000}
{"@timestamp":"2024-06-28T09:47:28.455920405+02:00","@version":"1","message":"Initializing Servlet 'dispatcherServlet'","logger_name":"org.springframework.web.servlet.DispatcherServlet","thread_name":"http-nio-auto-1-exec-1","level":"INFO","level_value":20000}
{"@timestamp":"2024-06-28T09:47:28.45772487+02:00","@version":"1","message":"Completed initialization in 1 ms","logger_name":"org.springframework.web.servlet.DispatcherServlet","thread_name":"http-nio-auto-1-exec-1","level":"INFO","level_value":20000}
{"@timestamp":"2024-06-28T09:47:28.522989424+02:00","@version":"1","message":"GET http://localhost:33951/api/v1/beer","logger_name":"org.zalando.logbook.Logbook","thread_name":"http-nio-auto-1-exec-1","level":"TRACE","level_value":5000,"http":{"origin":"remote","type":"request","correlation":"820dfcbb786d2b9a","protocol":"HTTP/1.1","remote":"127.0.0.1","method":"GET","uri":"http://localhost:33951/api/v1/beer","host":"localhost","path":"/api/v1/beer","scheme":"http","port":"33951","headers":{"accept":["*/*"],"accept-encoding":["gzip,deflate"],"connection":["Keep-Alive"],"content-type":["application/json"],"host":["localhost:33951"],"user-agent":["Apache-HttpClient/4.5.13 (Java/21.0.3)"]}}}
{"@timestamp":"2024-06-28T09:47:28.531493703+02:00","@version":"1","message":"List Beers - in service","logger_name":"com.toniferr.spring6restmvc.services.impl.BeerServiceJPA","thread_name":"http-nio-auto-1-exec-1","level":"INFO","level_value":20000}
{"@timestamp":"2024-06-28T09:47:28.59141596+02:00","@version":"1","message":"Serializing PageImpl instances as-is is not supported, meaning that there is no guarantee about the stability of the resulting JSON structure!\n\tFor a stable JSON structure, please use Spring Data's PagedModel (globally via @EnableSpringDataWebSupport(pageSerializationMode = VIA_DTO))\n\tor Spring HATEOAS and Spring Data's PagedResourcesAssembler as documented in https://docs.spring.io/spring-data/commons/reference/repositories/core-extensions.html#core.web.pageables.\n","logger_name":"org.springframework.data.web.config.SpringDataJacksonConfiguration$PageModule$PlainPageSerializationWarning","thread_name":"http-nio-auto-1-exec-1","level":"WARN","level_value":30000}
{"@timestamp":"2024-06-28T09:47:28.637532474+02:00","@version":"1","message":"200 OK GET http://localhost:33951/api/v1/beer","logger_name":"org.zalando.logbook.Logbook","thread_name":"http-nio-auto-1-exec-1","level":"TRACE","level_value":5000,"http":{"origin":"local","type":"response","correlation":"820dfcbb786d2b9a","duration":113,"protocol":"HTTP/1.1","status":200,"headers":{"Cache-Control":["no-cache, no-store, max-age=0, must-revalidate"],"Connection":["keep-alive"],"Content-Type":["application/json"],"Date":["Fri, 28 Jun 2024 07:47:28 GMT"],"Expires":["0"],"Keep-Alive":["timeout=60"],"Pragma":["no-cache"],"Transfer-Encoding":["chunked"],"Vary":["Origin","Access-Control-Request-Method","Access-Control-Request-Headers"],"X-Content-Type-Options":["nosniff"],"X-Frame-Options":["DENY"],"X-XSS-Protection":["0"]},"body":{"totalPages":97,"totalElements":2413,"first":true,"last":false,"size":25,"content":[{"id":"38ba463e-746f-4ef4-8c87-76e50f32a828","version":0,"beerName":"#001 Golden Amber Lager","beerStyle":"PILSNER","upc":"2382","quantityOnHand":2382,"price":10.0,"createdDate":"2024-06-28T09:47:26.930152","updateDate":"2024-06-28T09:47:26.930157"},{"id":"87020714-a766-4d52-ab74-3d75a1f2f6de","version":0,"beerName":"#002 American I.P.A.","beerStyle":"IPA","upc":"2383","quantityOnHand":2383,"price":10.0,"createdDate":"2024-06-28T09:47:26.93038","updateDate":"2024-06-28T09:47:26.930387"},{"id":"e5aea8a7-96bf-4436-a20a-51d343dfcf38","version":0,"beerName":"#003 Brown & Robust Porter","beerStyle":"PORTER","upc":"2384","quantityOnHand":2384,"price":10.0,"createdDate":"2024-06-28T09:47:26.930586","updateDate":"2024-06-28T09:47:26.930592"},{"id":"29e2580e-0e71-42e9-b260-3aadd2cd2402","version":0,"beerName":"#004 Session I.P.A.","beerStyle":"IPA","upc":"2385","quantityOnHand":2385,"price":10.0,"createdDate":"2024-06-28T09:47:26.930776","updateDate":"2024-06-28T09:47:26.930782"},{"id":"09fbf713-c818-4e3d-b0f1-c5d8750acab3","version":0,"beerName":"#9","beerStyle":"WHEAT","upc":"1253","quantityOnHand":1253,"price":10.0,"createdDate":"2024-06-28T09:47:26.784617","updateDate":"2024-06-28T09:47:26.784621"},{"id":"ea7a6ad6-d03c-4f8a-9e4d-29db37cb185c","version":0,"beerName":"#9","beerStyle":"WHEAT","upc":"1255","quantityOnHand":1255,"price":10.0,"createdDate":"2024-06-28T09:47:26.784847","updateDate":"2024-06-28T09:47:26.78485"},{"id":"4d444b95-12cc-4bd3-a073-404a58b69479","version":0,"beerName":"077XX","beerStyle":"IPA","upc":"551","quantityOnHand":551,"price":10.0,"createdDate":"2024-06-28T09:47:26.67327","updateDate":"2024-06-28T09:47:26.673278"},{"id":"411bf110-d456-4436-914a-c47dc9f7150d","version":0,"beerName":"10 Degrees of Separation","beerStyle":"PILSNER","upc":"1195","quantityOnHand":1195,"price":10.0,"createdDate":"2024-06-28T09:47:26.775572","updateDate":"2024-06-28T09:47:26.775575"},{"id":"feee7209-ec1d-4678-90d8-1b79a88181a9","version":0,"beerName":"10 Ton","beerStyle":"STOUT","upc":"2333","quantityOnHand":2333,"price":10.0,"createdDate":"2024-06-28T09:47:26.923905","updateDate":"2024-06-28T09:47:26.923908"},{"id":"6f5f403e-43a6-4789-8647-d00c12b76784","version":0,"beerName":"113 IPA","beerStyle":"IPA","upc":"1907","quantityOnHand":1907,"price":10.0,"createdDate":"2024-06-28T09:47:26.87089","updateDate":"2024-06-28T09:47:26.870893"},{"id":"84318313-2bf4-4c63-bc6c-e535750227b2","version":0,"beerName":"11th Hour IPA","beerStyle":"IPA","upc":"672","quantityOnHand":672,"price":10.0,"createdDate":"2024-06-28T09:47:26.693404","updateDate":"2024-06-28T09:47:26.693408"},{"id":"7e5f9902-4dca-464a-a98a-3d33ab6fc05c","version":0,"beerName":"12 Man Pale Ale","beerStyle":"ALE","upc":"727","quantityOnHand":727,"price":10.0,"createdDate":"2024-06-28T09:47:26.70345","updateDate":"2024-06-28T09:47:26.703454"},{"id":"df333cf3-0052-42ab-bbd0-3d89399b1297","version":0,"beerName":"12th Round","beerStyle":"PILSNER","upc":"1768","quantityOnHand":1768,"price":10.0,"createdDate":"2024-06-28T09:47:26.853164","updateDate":"2024-06-28T09:47:26.853167"},{"id":"e5ced16d-1071-422a-9592-d6ca7eb7bafa","version":0,"beerName":"13 Rebels ESB","beerStyle":"PILSNER","upc":"884","quantityOnHand":884,"price":10.0,"createdDate":"2024-06-28T09:47:26.727263","updateDate":"2024-06-28T09:47:26.727267"},{"id":"23906d03-b46b-4c6f-9198-a9310187bca0","version":0,"beerName":"1327 Pod's ESB","beerStyle":"PILSNER","upc":"304","quantityOnHand":304,"price":10.0,"createdDate":"2024-06-28T09:47:26.560993","updateDate":"2024-06-28T09:47:26.561003"},{"id":"8646f22a-5b1c-4954-b91d-9fa73562d649","version":0,"beerName":"1327 Pod's ESB","beerStyle":"PILSNER","upc":"305","quantityOnHand":305,"price":10.0,"createdDate":"2024-06-28T09:47:26.561617","updateDate":"2024-06-28T09:47:26.561627"},{"id":"3a3cb797-b581-4b44-81cf-bd251e1d1c5a","version":0,"beerName":"1327 Pod's ESB","beerStyle":"PILSNER","upc":"306","quantityOnHand":306,"price":10.0,"createdDate":"2024-06-28T09:47:26.562325","updateDate":"2024-06-28T09:47:26.56234"},{"id":"2cc3c86b-e25c-4fe1-9f09-9e36408d73e8","version":0,"beerName":"1335 Wicked Snout","beerStyle":"SAISON","upc":"302","quantityOnHand":302,"price":10.0,"createdDate":"2024-06-28T09:47:26.559976","updateDate":"2024-06-28T09:47:26.559986"},{"id":"9ed67477-7055-4bb4-9565-328f0e0302d6","version":0,"beerName":"1492","beerStyle":"ALE","upc":"369","quantityOnHand":369,"price":10.0,"createdDate":"2024-06-28T09:47:26.59644","updateDate":"2024-06-28T09:47:26.596449"},{"id":"ac6dec58-588e-4dcf-a218-034ec6d099e5","version":0,"beerName":"14Â° ESB","beerStyle":"PILSNER","upc":"229","quantityOnHand":229,"price":10.0,"createdDate":"2024-06-28T09:47:26.511395","updateDate":"2024-06-28T09:47:26.511409"},{"id":"23eb0cfa-56a3-4098-b570-605e7e154dae","version":0,"beerName":"1554 Black Lager","beerStyle":"PILSNER","upc":"1447","quantityOnHand":1447,"price":10.0,"createdDate":"2024-06-28T09:47:26.810669","updateDate":"2024-06-28T09:47:26.810673"},{"id":"1777da70-9b13-4dd0-9211-3f059026aeec","version":0,"beerName":"15th Anniversary Abbey Ale (2012)","beerStyle":"ALE","upc":"1573","quantityOnHand":1573,"price":10.0,"createdDate":"2024-06-28T09:47:26.827135","updateDate":"2024-06-28T09:47:26.827139"},{"id":"afb93c85-6ca7-4462-acc0-4caa968ffd00","version":0,"beerName":"1800 Big Log Wheat (2012)","beerStyle":"PILSNER","upc":"294","quantityOnHand":294,"price":10.0,"createdDate":"2024-06-28T09:47:26.555628","updateDate":"2024-06-28T09:47:26.555638"},{"id":"1b20aaa9-f209-41d3-a497-99013d4039d1","version":0,"beerName":"1811 Lager","beerStyle":"PILSNER","upc":"835","quantityOnHand":835,"price":10.0,"createdDate":"2024-06-28T09:47:26.720076","updateDate":"2024-06-28T09:47:26.720079"},{"id":"87f9a60c-814b-4c3a-8040-70c817e5efa9","version":0,"beerName":"1836","beerStyle":"ALE","upc":"473","quantityOnHand":473,"price":10.0,"createdDate":"2024-06-28T09:47:26.647532","updateDate":"2024-06-28T09:47:26.647542"}],"number":0,"sort":{"empty":false,"sorted":true,"unsorted":false},"numberOfElements":25,"pageable":{"pageNumber":0,"pageSize":25,"sort":{"empty":false,"sorted":true,"unsorted":false},"offset":0,"paged":true,"unpaged":false},"empty":false}}}
]]></system-out>
  </testcase>
</testsuite>